Building DAG of jobs...
Deleting PipelineReport.txt
Deleting Outputs/BLAST/SRR5660030.blast.txt
Deleting Outputs/Temp/blast_SRR5660030.done
Deleting Outputs/Longest_Contig/SRR5660030.fasta
Deleting Outputs/SPADES/SRR5660030/transcripts.fasta
Deleting Outputs/BLAST/SRR5660033.blast.txt
Deleting Outputs/Temp/blast_SRR5660033.done
Deleting Outputs/Longest_Contig/SRR5660033.fasta
Deleting Outputs/SPADES/SRR5660033/transcripts.fasta
Deleting Outputs/BLAST/SRR5660044.blast.txt
Deleting Outputs/Temp/blast_SRR5660044.done
Deleting Outputs/Longest_Contig/SRR5660044.fasta
Deleting Outputs/SPADES/SRR5660044/transcripts.fasta
Deleting Outputs/BLAST/SRR5660045.blast.txt
Deleting Outputs/Temp/blast_SRR5660045.done
Deleting Outputs/Longest_Contig/SRR5660045.fasta
Deleting Outputs/SPADES/SRR5660045/transcripts.fasta
Deleting Outputs/CDS/hcmv_cds.fasta
Deleting Outputs/cds_count.txt
Deleting Outputs/CDS/hcmv.idx
Deleting Outputs/Kallisto/SRR5660030
Deleting Outputs/Kallisto/SRR5660033
Deleting Outputs/Kallisto/SRR5660044
Deleting Outputs/Kallisto/SRR5660045
Deleting Outputs/Mapping/SRR5660030.bam
Deleting Outputs/Bowtie/hcmv.1.bt2
Deleting Outputs/Bowtie/hcmv.2.bt2
Deleting Outputs/Bowtie/hcmv.3.bt2
Deleting Outputs/Bowtie/hcmv.4.bt2
Deleting Outputs/Bowtie/hcmv.rev.1.bt2
Deleting Outputs/Bowtie/hcmv.rev.2.bt2
Deleting Outputs/Mapping/SRR5660033.bam
Deleting Outputs/Mapping/SRR5660044.bam
Deleting Outputs/Mapping/SRR5660045.bam
Deleting Outputs/Temp/count_reads_summary.txt
Deleting Outputs/Temp/SRR5660030.count.txt
Deleting Outputs/Temp/SRR5660033.count.txt
Deleting Outputs/Temp/SRR5660044.count.txt
Deleting Outputs/Temp/SRR5660045.count.txt
