Command line: /usr/libexec/spades/spades.py	--only-assembler	-k	127	--rna	-1	/home/epirzada/COMP483/PipelineProject/Samples/SRR5660033_1_sample.fastq	-2	/home/epirzada/COMP483/PipelineProject/Samples/SRR5660033_2_sample.fastq	-o	/home/epirzada/COMP483/PipelineProject/Outputs/SPADES/SRR5660033	

System information:
  SPAdes version: 3.15.5
  Python version: 3.12.3
  OS: Linux-6.8.0-90-generic-x86_64-with-glibc2.39

Output dir: /home/epirzada/COMP483/PipelineProject/Outputs/SPADES/SRR5660033
Debug mode is turned OFF

Dataset parameters:
  RNA-seq mode
  Reads:
    Library number: 1, library type: paired-end
      orientation: fr
      left reads: ['/home/epirzada/COMP483/PipelineProject/Samples/SRR5660033_1_sample.fastq']
      right reads: ['/home/epirzada/COMP483/PipelineProject/Samples/SRR5660033_2_sample.fastq']
      interlaced reads: not specified
      single reads: not specified
      merged reads: not specified
Assembly parameters:
  k: [127]
  Repeat resolution is enabled
  Mismatch careful mode is turned OFF
  MismatchCorrector will be SKIPPED
  Coverage cutoff is turned OFF
Other parameters:
  Dir for temp files: /home/epirzada/COMP483/PipelineProject/Outputs/SPADES/SRR5660033/tmp
  Threads: 16
  Memory limit (in Gb): 250


======= SPAdes pipeline started. Log can be found here: /home/epirzada/COMP483/PipelineProject/Outputs/SPADES/SRR5660033/spades.log


===== Before start started. 


===== Assembling started. 


===== K127 started. 


== Running: /usr/libexec/spades/spades-core /home/epirzada/COMP483/PipelineProject/Outputs/SPADES/SRR5660033/K127/configs/config.info /home/epirzada/COMP483/PipelineProject/Outputs/SPADES/SRR5660033/K127/configs/mda_mode.info /home/epirzada/COMP483/PipelineProject/Outputs/SPADES/SRR5660033/K127/configs/rna_mode.info

  0:00:00.000     1M / 18M   INFO    General                 (main.cpp                  :  99)   Loaded config from /home/epirzada/COMP483/PipelineProject/Outputs/SPADES/SRR5660033/K127/configs/config.info
  0:00:00.000     1M / 18M   INFO    General                 (main.cpp                  :  99)   Loaded config from /home/epirzada/COMP483/PipelineProject/Outputs/SPADES/SRR5660033/K127/configs/mda_mode.info
  0:00:00.000     1M / 18M   INFO    General                 (main.cpp                  :  99)   Loaded config from /home/epirzada/COMP483/PipelineProject/Outputs/SPADES/SRR5660033/K127/configs/rna_mode.info
  0:00:00.000     1M / 18M   INFO    General                 (memory_limit.cpp          :  54)   Memory limit set to 250 Gb
  0:00:00.000     1M / 18M   INFO    General                 (main.cpp                  : 107)   Starting SPAdes, built from N/A, git revision N/A
  0:00:00.000     1M / 18M   INFO    General                 (main.cpp                  : 108)   Maximum k-mer length: 128
  0:00:00.000     1M / 18M   INFO    General                 (main.cpp                  : 109)   Assembling dataset (/home/epirzada/COMP483/PipelineProject/Outputs/SPADES/SRR5660033/dataset.info) with K=127
  0:00:00.000     1M / 18M   INFO    General                 (main.cpp                  : 110)   Maximum # of threads to use (adjusted due to OMP capabilities): 1
  0:00:00.000     1M / 18M   INFO    General                 (pipeline.cpp              : 212)   SPAdes started
  0:00:00.000     1M / 18M   INFO    General                 (pipeline.cpp              : 225)   Starting from stage: read_conversion
  0:00:00.000     1M / 18M   INFO    General                 (pipeline.cpp              : 231)   Two-step repeat resolution disabled
  0:00:00.000     1M / 18M   INFO   GraphCore                (graph_core.hpp            : 672)   Graph created, vertex min_id: 3, edge min_id: 3
  0:00:00.000     1M / 18M   INFO   GraphCore                (graph_core.hpp            : 673)   Vertex size: 48, edge size: 40
  0:00:00.000     1M / 18M   INFO    General                 (edge_index.hpp            : 113)   Size of edge index entries: 12/8
  0:00:00.000     1M / 18M   INFO    General                 (pipeline.cpp              : 242)   Will need read mapping, kmer mapper will be attached
  0:00:00.000     1M / 18M   INFO   StageManager             (stage.cpp                 : 185)   STAGE == Binary Read Conversion (id: read_conversion)
  0:00:00.000     1M / 18M   INFO    General                 (read_converter.cpp        :  72)   Converting reads to binary format for library #0 (takes a while)
  0:00:00.000     1M / 18M   INFO    General                 (read_converter.cpp        :  73)   Converting paired reads
  0:00:00.072    23M / 23M   INFO    General                 (binary_converter.cpp      : 111)   10000 reads written
  0:00:00.072     1M / 18M   INFO    General                 (read_converter.cpp        :  86)   Converting single reads
  0:00:00.072    11M / 18M   INFO    General                 (binary_converter.cpp      : 111)   0 reads written
  0:00:00.072     1M / 18M   INFO    General                 (read_converter.cpp        :  92)   Converting merged reads
  0:00:00.072    11M / 18M   INFO    General                 (binary_converter.cpp      : 111)   0 reads written
  0:00:00.073     1M / 18M   INFO   StageManager             (stage.cpp                 : 185)   STAGE == de Bruijn graph construction (id: construction)
  0:00:00.073     1M / 18M   INFO    General                 (construction.cpp          : 153)   Max read length 151
  0:00:00.073     1M / 18M   INFO    General                 (construction.cpp          : 159)   Average read length 150.566
  0:00:00.073     1M / 18M   INFO    General                 (stage.cpp                 : 117)   PROCEDURE == k+1-mer counting (id: construction:kpomer_counting)
  0:00:00.073     1M / 18M   INFO    General                 (kmer_index_builder.hpp    : 243)   Splitting kmer instances into 10 files using 1 threads. This might take a while.
  0:00:00.073     1M / 18M   INFO    General                 (file_limit.hpp            :  42)   Open file limit set to 1048576
  0:00:00.073     1M / 18M   INFO    General                 (kmer_splitter.hpp         :  93)   Memory available for splitting buffers: 83.3333 Gb
  0:00:00.073     1M / 18M   INFO    General                 (kmer_splitter.hpp         : 101)   Using cell size of 1677721
  0:00:00.230   601M / 601M  INFO    General                 (kmer_splitters.hpp        : 125)   Processed 40000 reads
  0:00:00.231     1M / 28M   INFO    General                 (kmer_splitters.hpp        : 131)   Used 40000 reads
  0:00:00.232     1M / 28M   INFO    General                 (kmer_index_builder.hpp    : 249)   Starting k-mer counting.
  0:00:00.249     1M / 28M   INFO    General                 (kmer_index_builder.hpp    : 260)   K-mer counting done. There are 342422 kmers in total.
  0:00:00.249     1M / 28M   INFO    General                 (stage.cpp                 : 117)   PROCEDURE == Extension index construction (id: construction:extension_index_construction)
  0:00:00.249     1M / 28M   INFO   K-mer Index Building     (kmer_index_builder.hpp    : 438)   Building kmer index
  0:00:00.249     1M / 28M   INFO    General                 (kmer_index_builder.hpp    : 243)   Splitting kmer instances into 10 files using 1 threads. This might take a while.
  0:00:00.249     1M / 28M   INFO    General                 (file_limit.hpp            :  42)   Open file limit set to 1048576
  0:00:00.249     1M / 28M   INFO    General                 (kmer_splitter.hpp         :  93)   Memory available for splitting buffers: 83.3333 Gb
  0:00:00.249     1M / 28M   INFO    General                 (kmer_splitter.hpp         : 101)   Using cell size of 1677721
  0:00:00.460   601M / 601M  INFO    General                 (kmer_splitters.hpp        : 194)   Processed 342422 kmers
  0:00:00.460   601M / 601M  INFO    General                 (kmer_splitters.hpp        : 199)   Used 342422 kmers.
  0:00:00.460     1M / 46M   INFO    General                 (kmer_index_builder.hpp    : 249)   Starting k-mer counting.
  0:00:00.478     1M / 46M   INFO    General                 (kmer_index_builder.hpp    : 260)   K-mer counting done. There are 353912 kmers in total.
  0:00:00.478     1M / 46M   INFO   K-mer Index Building     (kmer_index_builder.hpp    : 395)   Building perfect hash indices
  0:00:00.531     1M / 46M   INFO   K-mer Index Building     (kmer_index_builder.hpp    : 431)   Index built. Total 353912 kmers, 263208 bytes occupied (5.94968 bits per kmer).
  0:00:00.531     1M / 46M   INFO    General                 (kmer_index_builder.hpp    : 169)   Merging final buckets.
  0:00:00.769     1M / 46M   INFO   DeBruijnExtensionIndexBu (kmer_extension_index_build: 100)   Building k-mer extensions from k+1-mers
  0:00:00.891     1M / 46M   INFO   DeBruijnExtensionIndexBu (kmer_extension_index_build: 105)   Building k-mer extensions from k+1-mers finished.
  0:00:00.892     1M / 46M   INFO    General                 (stage.cpp                 : 117)   PROCEDURE == Early A/T remover (id: construction:early_at_remover)
  0:00:00.892     1M / 46M   INFO   Early A/T remover        (early_simplification.hpp  : 176)   Remove short poly A/T edges
  0:00:00.999     1M / 46M   INFO   Early A/T remover        (early_simplification.hpp  : 254)   Links removed: 0
  0:00:00.999     1M / 46M   INFO   Early A/T remover        (early_simplification.hpp  : 179)   0 128-mers were removed by early poly A/T remover
  0:00:01.000     1M / 46M   INFO   Early A/T remover        (early_simplification.hpp  : 262)   Remove poly A/T tips
  0:00:01.200     1M / 46M   INFO   Early A/T remover        (early_simplification.hpp  : 331)   Clipped tips: 31
  0:00:01.200     1M / 46M   INFO   Early A/T remover        (early_simplification.hpp  : 265)   169 128-mers were removed by early poly A/T tip clipper
  0:00:01.201     1M / 46M   INFO    General                 (stage.cpp                 : 117)   PROCEDURE == Condensing graph (id: construction:graph_condensing)
  0:00:01.201     1M / 46M   INFO   UnbranchingPathExtractor (debruijn_graph_constructor: 354)   Extracting unbranching paths
  0:00:01.389     2M / 46M   INFO   UnbranchingPathExtractor (debruijn_graph_constructor: 373)   Extracting unbranching paths finished. 16085 sequences extracted
  0:00:01.509     2M / 46M   INFO   UnbranchingPathExtractor (debruijn_graph_constructor: 309)   Collecting perfect loops
  0:00:01.549     2M / 46M   INFO   UnbranchingPathExtractor (debruijn_graph_constructor: 342)   Collecting perfect loops finished. 1 loops collected
  0:00:01.551     2M / 46M   INFO    General                 (debruijn_graph_constructor: 487)   Total 32172 edges to create
  0:00:01.551     4M / 46M   INFO    General                 (debruijn_graph_constructor: 489)   Collecting link records
  0:00:01.573     4M / 46M   INFO    General                 (debruijn_graph_constructor: 491)   Ordering link records
  0:00:01.575     4M / 46M   INFO    General                 (debruijn_graph_constructor: 493)   Sorting done
  0:00:01.575     4M / 46M   INFO    General                 (debruijn_graph_constructor: 503)   Total 27576 vertices to create
  0:00:01.575     7M / 46M   INFO    General                 (debruijn_graph_constructor: 506)   Connecting the graph
  0:00:01.582     6M / 46M   INFO    General                 (stage.cpp                 : 117)   PROCEDURE == Filling coverage indices (PHM) (id: construction:coverage_filling_phm)
  0:00:01.582     6M / 46M   INFO   K-mer Index Building     (kmer_index_builder.hpp    : 395)   Building perfect hash indices
  0:00:01.632     6M / 46M   INFO   K-mer Index Building     (kmer_index_builder.hpp    : 431)   Index built. Total 342422 kmers, 255024 bytes occupied (5.95812 bits per kmer).
  0:00:01.633     8M / 46M   INFO    General                 (coverage_hash_map_builder.:  47)   Collecting k-mer coverage information from reads, this takes a while.
  0:00:01.738     8M / 46M   INFO    General                 (construction.cpp          : 430)   Filling coverage and flanking coverage from PHM
  0:00:01.878     8M / 46M   INFO    General                 (coverage_filling.hpp      :  82)   Processed 32172 edges
  0:00:01.884     5M / 46M   INFO   StageManager             (stage.cpp                 : 185)   STAGE == EC Threshold Finding (id: ec_threshold_finder)
  0:00:01.887     5M / 46M   INFO   ThresholdFinder          (ec_threshold_finder.hpp   : 119)   Bucket size: 5
  0:00:01.887     5M / 46M   INFO    General                 (genomic_info_filler.cpp   :  39)   Average edge coverage: 1.37638
  0:00:01.887     5M / 46M   INFO    General                 (genomic_info_filler.cpp   :  40)   Graph threshold: 25
  0:00:01.887     5M / 46M   INFO    General                 (genomic_info_filler.cpp   :  70)   EC coverage threshold value was calculated as 1.37638
  0:00:01.887     5M / 46M   INFO    General                 (genomic_info_filler.cpp   :  71)   Trusted kmer low bound: 0
  0:00:01.887     5M / 46M   INFO   StageManager             (stage.cpp                 : 185)   STAGE == Gap Closer (id: early_gapcloser)
  0:00:01.893    14M / 46M   INFO    General                 (edge_index.hpp            : 113)   Size of edge index entries: 12/8
  0:00:01.904    15M / 46M   INFO    General                 (gap_closer.cpp            : 101)   Total edges in tip neighborhood: 26845 out of 32172, length: 619939
  0:00:01.905    15M / 46M   INFO    General                 (edge_index.hpp            : 167)   Using small index (max_id = 32335)
  0:00:01.938    15M / 46M   INFO   K-mer Index Building     (kmer_index_builder.hpp    : 395)   Building perfect hash indices
  0:00:02.113    16M / 46M   INFO   K-mer Index Building     (kmer_index_builder.hpp    : 431)   Index built. Total 330189 kmers, 239224 bytes occupied (5.79605 bits per kmer).
  0:00:02.115    18M / 46M   INFO    General                 (edge_index_builders.hpp   : 265)   Collecting edge information from graph, this takes a while.
  0:00:02.255    19M / 46M   INFO    General                 (sequence_mapper_notifier.h:  95)   Total 10000 reads processed
  0:00:02.266    16M / 46M   INFO    General                 (gap_closer.cpp            : 452)   Initializing gap closer
  0:00:02.266    16M / 46M   INFO   GapCloser                (gap_closer.cpp            : 359)   Closing short gaps
  0:00:02.289    17M / 46M   INFO   GapCloser                (gap_closer.cpp            : 391)   Closing short gaps complete: filled 279 gaps after checking 720 candidates
  0:00:02.291    17M / 46M   INFO    General                 (gap_closer.cpp            : 456)   Gap closer done
  0:00:02.293     7M / 46M   INFO   StageManager             (stage.cpp                 : 185)   STAGE == Raw Simplification (id: raw_simplification)
  0:00:02.293     7M / 46M   INFO    General                 (simplification.cpp        : 106)   PROCEDURE == Initial cleaning
  0:00:02.293     7M / 46M   INFO   Simplification           (parallel_processing.hpp   : 167)   Running poly A/T short edge remover
  0:00:02.297     7M / 46M   INFO   Simplification           (parallel_processing.hpp   : 170)   poly A/T short edge remover triggered 1 times
  0:00:02.297     7M / 46M   INFO   Simplification           (parallel_processing.hpp   : 167)   Running poly A/T tip clipper
  0:00:02.304     7M / 46M   INFO   Simplification           (parallel_processing.hpp   : 170)   poly A/T tip clipper triggered 253 times
  0:00:02.304     7M / 46M   INFO    General                 (graph_simplification.hpp  : 703)   Removing loops and rc loops with erroneous connections
  0:00:02.314     7M / 46M   INFO   ECLoopRemover            (erroneous_connection_remov: 406)   Loops: accurately removed/deadend removed/other: 0/0/0
  0:00:02.314     7M / 46M   INFO   ECLoopRemover            (erroneous_connection_remov: 407)   RC loops: accurately removed/deadend removed/other: 0/0/0
  0:00:02.314     7M / 46M   INFO   StageManager             (stage.cpp                 : 185)   STAGE == Simplification (id: simplification)
  0:00:02.314     7M / 46M   INFO    General                 (simplification.cpp        : 368)   Graph simplification started
  0:00:02.314     7M / 46M   INFO    General                 (graph_simplification.hpp  : 634)   Creating parallel br instance
  0:00:02.314     7M / 46M   INFO   ConditionParser          (graph_simplification.hpp  : 179)   Creating relative coverage EC condition with threshold 1
  0:00:02.314     7M / 46M   INFO    General                 (simplification.cpp        : 373)   PROCEDURE == Simplification cycle, iteration 1
  0:00:02.314     7M / 46M   INFO   Simplification           (parallel_processing.hpp   : 167)   Running Tip clipper
  0:00:02.330     6M / 46M   INFO   Simplification           (parallel_processing.hpp   : 170)   Tip clipper triggered 1914 times
  0:00:02.330     6M / 46M   INFO   Simplification           (parallel_processing.hpp   : 167)   Running Dead end clipper
  0:00:02.335     6M / 46M   INFO   Simplification           (parallel_processing.hpp   : 170)   Dead end clipper triggered 184 times
  0:00:02.335     6M / 46M   INFO   Simplification           (parallel_processing.hpp   : 167)   Running Bulge remover
  0:00:02.337     6M / 46M   INFO   Simplification           (parallel_processing.hpp   : 170)   Bulge remover triggered 0 times
  0:00:02.337     6M / 46M   INFO   Simplification           (parallel_processing.hpp   : 167)   Running Tip clipper
  0:00:02.337     6M / 46M   INFO   Simplification           (parallel_processing.hpp   : 170)   Tip clipper triggered 1 times
  0:00:02.337     6M / 46M   INFO   Simplification           (parallel_processing.hpp   : 167)   Running Dead end clipper
  0:00:02.337     6M / 46M   INFO   Simplification           (parallel_processing.hpp   : 170)   Dead end clipper triggered 0 times
  0:00:02.337     6M / 46M   INFO   Simplification           (parallel_processing.hpp   : 167)   Running Bulge remover
  0:00:02.337     6M / 46M   INFO   Simplification           (parallel_processing.hpp   : 170)   Bulge remover triggered 0 times
  0:00:02.337     6M / 46M   INFO   Simplification           (parallel_processing.hpp   : 167)   Running Tip clipper
  0:00:02.337     6M / 46M   INFO   Simplification           (parallel_processing.hpp   : 170)   Tip clipper triggered 0 times
  0:00:02.337     6M / 46M   INFO   Simplification           (parallel_processing.hpp   : 167)   Running Dead end clipper
  0:00:02.337     6M / 46M   INFO   Simplification           (parallel_processing.hpp   : 170)   Dead end clipper triggered 0 times
  0:00:02.337     6M / 46M   INFO   Simplification           (parallel_processing.hpp   : 167)   Running Bulge remover
  0:00:02.337     6M / 46M   INFO   Simplification           (parallel_processing.hpp   : 170)   Bulge remover triggered 0 times
  0:00:02.337     6M / 46M   INFO   Simplification           (parallel_processing.hpp   : 167)   Running Low coverage edge remover
  0:00:02.339     6M / 46M   INFO   ConditionParser          (graph_simplification.hpp  : 179)   Creating relative coverage EC condition with threshold 1
  0:00:02.339     6M / 46M   INFO   Simplification           (parallel_processing.hpp   : 170)   Low coverage edge remover triggered 3 times
  0:00:02.339     6M / 46M   INFO    General                 (simplification.cpp        : 373)   PROCEDURE == Simplification cycle, iteration 2
  0:00:02.339     6M / 46M   INFO   Simplification           (parallel_processing.hpp   : 167)   Running Tip clipper
  0:00:02.342     6M / 46M   INFO   Simplification           (parallel_processing.hpp   : 170)   Tip clipper triggered 3 times
  0:00:02.342     6M / 46M   INFO   Simplification           (parallel_processing.hpp   : 167)   Running Dead end clipper
  0:00:02.344     6M / 46M   INFO   Simplification           (parallel_processing.hpp   : 170)   Dead end clipper triggered 0 times
  0:00:02.344     6M / 46M   INFO   Simplification           (parallel_processing.hpp   : 167)   Running Bulge remover
  0:00:02.346     6M / 46M   INFO   Simplification           (parallel_processing.hpp   : 170)   Bulge remover triggered 0 times
  0:00:02.346     6M / 46M   INFO   Simplification           (parallel_processing.hpp   : 167)   Running Tip clipper
  0:00:02.346     6M / 46M   INFO   Simplification           (parallel_processing.hpp   : 170)   Tip clipper triggered 0 times
  0:00:02.346     6M / 46M   INFO   Simplification           (parallel_processing.hpp   : 167)   Running Dead end clipper
  0:00:02.346     6M / 46M   INFO   Simplification           (parallel_processing.hpp   : 170)   Dead end clipper triggered 0 times
  0:00:02.346     6M / 46M   INFO   Simplification           (parallel_processing.hpp   : 167)   Running Bulge remover
  0:00:02.346     6M / 46M   INFO   Simplification           (parallel_processing.hpp   : 170)   Bulge remover triggered 0 times
  0:00:02.346     6M / 46M   INFO   Simplification           (parallel_processing.hpp   : 167)   Running Low coverage edge remover
  0:00:02.348     6M / 46M   INFO   ConditionParser          (graph_simplification.hpp  : 179)   Creating relative coverage EC condition with threshold 1
  0:00:02.348     6M / 46M   INFO   Simplification           (parallel_processing.hpp   : 170)   Low coverage edge remover triggered 0 times
  0:00:02.348     6M / 46M   INFO    General                 (simplification.cpp        : 373)   PROCEDURE == Simplification cycle, iteration 3
  0:00:02.348     6M / 46M   INFO   Simplification           (parallel_processing.hpp   : 167)   Running Tip clipper
  0:00:02.351     6M / 46M   INFO   Simplification           (parallel_processing.hpp   : 170)   Tip clipper triggered 0 times
  0:00:02.351     6M / 46M   INFO   Simplification           (parallel_processing.hpp   : 167)   Running Dead end clipper
  0:00:02.353     6M / 46M   INFO   Simplification           (parallel_processing.hpp   : 170)   Dead end clipper triggered 0 times
  0:00:02.353     6M / 46M   INFO   Simplification           (parallel_processing.hpp   : 167)   Running Bulge remover
  0:00:02.355     6M / 46M   INFO   Simplification           (parallel_processing.hpp   : 170)   Bulge remover triggered 0 times
  0:00:02.355     6M / 46M   INFO   Simplification           (parallel_processing.hpp   : 167)   Running Low coverage edge remover
  0:00:02.357     6M / 46M   INFO   ConditionParser          (graph_simplification.hpp  : 179)   Creating relative coverage EC condition with threshold 1
  0:00:02.357     6M / 46M   INFO   Simplification           (parallel_processing.hpp   : 170)   Low coverage edge remover triggered 0 times
  0:00:02.357     6M / 46M   INFO    General                 (simplification.cpp        : 373)   PROCEDURE == Simplification cycle, iteration 4
  0:00:02.357     6M / 46M   INFO   Simplification           (parallel_processing.hpp   : 167)   Running Tip clipper
  0:00:02.359     6M / 46M   INFO   Simplification           (parallel_processing.hpp   : 170)   Tip clipper triggered 0 times
  0:00:02.359     6M / 46M   INFO   Simplification           (parallel_processing.hpp   : 167)   Running Dead end clipper
  0:00:02.362     6M / 46M   INFO   Simplification           (parallel_processing.hpp   : 170)   Dead end clipper triggered 0 times
  0:00:02.362     6M / 46M   INFO   Simplification           (parallel_processing.hpp   : 167)   Running Bulge remover
  0:00:02.363     6M / 46M   INFO   Simplification           (parallel_processing.hpp   : 170)   Bulge remover triggered 0 times
  0:00:02.363     6M / 46M   INFO   Simplification           (parallel_processing.hpp   : 167)   Running Low coverage edge remover
  0:00:02.365     6M / 46M   INFO   ConditionParser          (graph_simplification.hpp  : 179)   Creating relative coverage EC condition with threshold 1
  0:00:02.365     6M / 46M   INFO   Simplification           (parallel_processing.hpp   : 170)   Low coverage edge remover triggered 0 times
  0:00:02.365     6M / 46M   INFO    General                 (simplification.cpp        : 373)   PROCEDURE == Simplification cycle, iteration 5
  0:00:02.365     6M / 46M   INFO   Simplification           (parallel_processing.hpp   : 167)   Running Tip clipper
  0:00:02.368     6M / 46M   INFO   Simplification           (parallel_processing.hpp   : 170)   Tip clipper triggered 0 times
  0:00:02.368     6M / 46M   INFO   Simplification           (parallel_processing.hpp   : 167)   Running Dead end clipper
  0:00:02.370     6M / 46M   INFO   Simplification           (parallel_processing.hpp   : 170)   Dead end clipper triggered 0 times
  0:00:02.370     6M / 46M   INFO   Simplification           (parallel_processing.hpp   : 167)   Running Bulge remover
  0:00:02.372     6M / 46M   INFO   Simplification           (parallel_processing.hpp   : 170)   Bulge remover triggered 0 times
  0:00:02.372     6M / 46M   INFO   Simplification           (parallel_processing.hpp   : 167)   Running Low coverage edge remover
  0:00:02.374     6M / 46M   INFO   ConditionParser          (graph_simplification.hpp  : 179)   Creating relative coverage EC condition with threshold 1
  0:00:02.374     6M / 46M   INFO   Simplification           (parallel_processing.hpp   : 170)   Low coverage edge remover triggered 0 times
  0:00:02.374     6M / 46M   INFO    General                 (simplification.cpp        : 373)   PROCEDURE == Simplification cycle, iteration 6
  0:00:02.374     6M / 46M   INFO   Simplification           (parallel_processing.hpp   : 167)   Running Tip clipper
  0:00:02.376     6M / 46M   INFO   Simplification           (parallel_processing.hpp   : 170)   Tip clipper triggered 0 times
  0:00:02.376     6M / 46M   INFO   Simplification           (parallel_processing.hpp   : 167)   Running Dead end clipper
  0:00:02.379     6M / 46M   INFO   Simplification           (parallel_processing.hpp   : 170)   Dead end clipper triggered 0 times
  0:00:02.379     6M / 46M   INFO   Simplification           (parallel_processing.hpp   : 167)   Running Bulge remover
  0:00:02.381     6M / 46M   INFO   Simplification           (parallel_processing.hpp   : 170)   Bulge remover triggered 0 times
  0:00:02.381     6M / 46M   INFO   Simplification           (parallel_processing.hpp   : 167)   Running Low coverage edge remover
  0:00:02.382     6M / 46M   INFO   ConditionParser          (graph_simplification.hpp  : 179)   Creating relative coverage EC condition with threshold 1
  0:00:02.382     6M / 46M   INFO   Simplification           (parallel_processing.hpp   : 170)   Low coverage edge remover triggered 0 times
  0:00:02.383     6M / 46M   INFO    General                 (simplification.cpp        : 373)   PROCEDURE == Simplification cycle, iteration 7
  0:00:02.383     6M / 46M   INFO   Simplification           (parallel_processing.hpp   : 167)   Running Tip clipper
  0:00:02.385     6M / 46M   INFO   Simplification           (parallel_processing.hpp   : 170)   Tip clipper triggered 0 times
  0:00:02.385     6M / 46M   INFO   Simplification           (parallel_processing.hpp   : 167)   Running Dead end clipper
  0:00:02.387     6M / 46M   INFO   Simplification           (parallel_processing.hpp   : 170)   Dead end clipper triggered 0 times
  0:00:02.387     6M / 46M   INFO   Simplification           (parallel_processing.hpp   : 167)   Running Bulge remover
  0:00:02.389     6M / 46M   INFO   Simplification           (parallel_processing.hpp   : 170)   Bulge remover triggered 0 times
  0:00:02.389     6M / 46M   INFO   Simplification           (parallel_processing.hpp   : 167)   Running Low coverage edge remover
  0:00:02.391     6M / 46M   INFO   ConditionParser          (graph_simplification.hpp  : 179)   Creating relative coverage EC condition with threshold 1
  0:00:02.391     6M / 46M   INFO   Simplification           (parallel_processing.hpp   : 170)   Low coverage edge remover triggered 0 times
  0:00:02.391     6M / 46M   INFO    General                 (simplification.cpp        : 373)   PROCEDURE == Simplification cycle, iteration 8
  0:00:02.391     6M / 46M   INFO   Simplification           (parallel_processing.hpp   : 167)   Running Tip clipper
  0:00:02.394     6M / 46M   INFO   Simplification           (parallel_processing.hpp   : 170)   Tip clipper triggered 0 times
  0:00:02.394     6M / 46M   INFO   Simplification           (parallel_processing.hpp   : 167)   Running Dead end clipper
  0:00:02.396     6M / 46M   INFO   Simplification           (parallel_processing.hpp   : 170)   Dead end clipper triggered 0 times
  0:00:02.396     6M / 46M   INFO   Simplification           (parallel_processing.hpp   : 167)   Running Bulge remover
  0:00:02.398     6M / 46M   INFO   Simplification           (parallel_processing.hpp   : 170)   Bulge remover triggered 0 times
  0:00:02.398     6M / 46M   INFO   Simplification           (parallel_processing.hpp   : 167)   Running Low coverage edge remover
  0:00:02.400     6M / 46M   INFO   ConditionParser          (graph_simplification.hpp  : 179)   Creating relative coverage EC condition with threshold 1
  0:00:02.400     6M / 46M   INFO   Simplification           (parallel_processing.hpp   : 170)   Low coverage edge remover triggered 0 times
  0:00:02.400     6M / 46M   INFO    General                 (simplification.cpp        : 373)   PROCEDURE == Simplification cycle, iteration 9
  0:00:02.400     6M / 46M   INFO   Simplification           (parallel_processing.hpp   : 167)   Running Tip clipper
  0:00:02.403     6M / 46M   INFO   Simplification           (parallel_processing.hpp   : 170)   Tip clipper triggered 0 times
  0:00:02.403     6M / 46M   INFO   Simplification           (parallel_processing.hpp   : 167)   Running Dead end clipper
  0:00:02.405     6M / 46M   INFO   Simplification           (parallel_processing.hpp   : 170)   Dead end clipper triggered 0 times
  0:00:02.405     6M / 46M   INFO   Simplification           (parallel_processing.hpp   : 167)   Running Bulge remover
  0:00:02.407     6M / 46M   INFO   Simplification           (parallel_processing.hpp   : 170)   Bulge remover triggered 0 times
  0:00:02.407     6M / 46M   INFO   Simplification           (parallel_processing.hpp   : 167)   Running Low coverage edge remover
  0:00:02.409     6M / 46M   INFO   ConditionParser          (graph_simplification.hpp  : 179)   Creating relative coverage EC condition with threshold 1
  0:00:02.409     6M / 46M   INFO   Simplification           (parallel_processing.hpp   : 170)   Low coverage edge remover triggered 0 times
  0:00:02.409     6M / 46M   INFO    General                 (simplification.cpp        : 373)   PROCEDURE == Simplification cycle, iteration 10
  0:00:02.409     6M / 46M   INFO   Simplification           (parallel_processing.hpp   : 167)   Running Tip clipper
  0:00:02.411     6M / 46M   INFO   Simplification           (parallel_processing.hpp   : 170)   Tip clipper triggered 0 times
  0:00:02.411     6M / 46M   INFO   Simplification           (parallel_processing.hpp   : 167)   Running Dead end clipper
  0:00:02.414     6M / 46M   INFO   Simplification           (parallel_processing.hpp   : 170)   Dead end clipper triggered 0 times
  0:00:02.414     6M / 46M   INFO   Simplification           (parallel_processing.hpp   : 167)   Running Bulge remover
  0:00:02.415     6M / 46M   INFO   Simplification           (parallel_processing.hpp   : 170)   Bulge remover triggered 0 times
  0:00:02.415     6M / 46M   INFO   Simplification           (parallel_processing.hpp   : 167)   Running Low coverage edge remover
  0:00:02.417     6M / 46M   INFO   ConditionParser          (graph_simplification.hpp  : 179)   Creating relative coverage EC condition with threshold 1
  0:00:02.417     6M / 46M   INFO   Simplification           (parallel_processing.hpp   : 170)   Low coverage edge remover triggered 0 times
  0:00:02.417     6M / 46M   INFO    General                 (simplification.cpp        : 373)   PROCEDURE == Simplification cycle, iteration 11
  0:00:02.417     6M / 46M   INFO   Simplification           (parallel_processing.hpp   : 167)   Running Tip clipper
  0:00:02.420     6M / 46M   INFO   Simplification           (parallel_processing.hpp   : 170)   Tip clipper triggered 0 times
  0:00:02.420     6M / 46M   INFO   Simplification           (parallel_processing.hpp   : 167)   Running Dead end clipper
  0:00:02.422     6M / 46M   INFO   Simplification           (parallel_processing.hpp   : 170)   Dead end clipper triggered 0 times
  0:00:02.422     6M / 46M   INFO   Simplification           (parallel_processing.hpp   : 167)   Running Bulge remover
  0:00:02.424     6M / 46M   INFO   Simplification           (parallel_processing.hpp   : 170)   Bulge remover triggered 0 times
  0:00:02.424     6M / 46M   INFO   Simplification           (parallel_processing.hpp   : 167)   Running Low coverage edge remover
  0:00:02.426     6M / 46M   INFO   ConditionParser          (graph_simplification.hpp  : 179)   Creating relative coverage EC condition with threshold 1
  0:00:02.426     6M / 46M   INFO   Simplification           (parallel_processing.hpp   : 170)   Low coverage edge remover triggered 0 times
  0:00:02.427     6M / 46M   INFO   StageManager             (stage.cpp                 : 185)   STAGE == Gap Closer (id: late_gapcloser)
  0:00:02.432    15M / 46M   INFO    General                 (edge_index.hpp            : 113)   Size of edge index entries: 12/8
  0:00:02.440    16M / 46M   INFO    General                 (gap_closer.cpp            : 101)   Total edges in tip neighborhood: 22456 out of 22480, length: 650974
  0:00:02.441    16M / 46M   INFO    General                 (edge_index.hpp            : 167)   Using small index (max_id = 64667)
  0:00:02.470    16M / 46M   INFO   K-mer Index Building     (kmer_index_builder.hpp    : 395)   Building perfect hash indices
  0:00:02.640    17M / 46M   INFO   K-mer Index Building     (kmer_index_builder.hpp    : 431)   Index built. Total 325783 kmers, 402032 bytes occupied (9.87239 bits per kmer).
  0:00:02.642    19M / 46M   INFO    General                 (edge_index_builders.hpp   : 265)   Collecting edge information from graph, this takes a while.
  0:00:02.776    20M / 46M   INFO    General                 (sequence_mapper_notifier.h:  95)   Total 10000 reads processed
  0:00:02.788    17M / 46M   INFO    General                 (gap_closer.cpp            : 452)   Initializing gap closer
  0:00:02.788    17M / 46M   INFO   GapCloser                (gap_closer.cpp            : 359)   Closing short gaps
  0:00:02.801    17M / 46M   INFO   GapCloser                (gap_closer.cpp            : 391)   Closing short gaps complete: filled 49 gaps after checking 241 candidates
  0:00:02.802    17M / 46M   INFO    General                 (gap_closer.cpp            : 456)   Gap closer done
  0:00:02.804     6M / 46M   INFO   StageManager             (stage.cpp                 : 185)   STAGE == Simplification Cleanup (id: simplification_cleanup)
  0:00:02.804     6M / 46M   INFO    General                 (simplification.cpp        : 176)   PROCEDURE == Post simplification
  0:00:02.804     6M / 46M   INFO    General                 (graph_simplification.hpp  : 448)   Disconnection of relatively low covered edges disabled
  0:00:02.804     6M / 46M   INFO    General                 (graph_simplification.hpp  : 485)   Complex tip clipping disabled
  0:00:02.804     6M / 46M   INFO    General                 (graph_simplification.hpp  : 634)   Creating parallel br instance
  0:00:02.804     6M / 46M   INFO    General                 (graph_simplification.hpp  : 634)   Creating parallel br instance
  0:00:02.804     6M / 46M   INFO   Simplification           (parallel_processing.hpp   : 167)   Running Relative coverage erroneous connection remover
  0:00:02.809     6M / 46M   INFO   Simplification           (parallel_processing.hpp   : 170)   Relative coverage erroneous connection remover triggered 0 times
  0:00:02.809     6M / 46M   INFO   Simplification           (parallel_processing.hpp   : 167)   Running Relative coverage component remover
  0:00:02.812     6M / 46M   INFO   Simplification           (parallel_processing.hpp   : 170)   Relative coverage component remover triggered 0 times
  0:00:02.812     6M / 46M   INFO   Simplification           (parallel_processing.hpp   : 167)   Running Complex bulge remover
  0:00:02.865     6M / 46M   INFO   Simplification           (parallel_processing.hpp   : 170)   Complex bulge remover triggered 0 times
  0:00:02.865     6M / 46M   INFO   Simplification           (parallel_processing.hpp   : 167)   Running Tip clipper
  0:00:02.869     6M / 46M   INFO   Simplification           (parallel_processing.hpp   : 170)   Tip clipper triggered 0 times
  0:00:02.869     6M / 46M   INFO   Simplification           (parallel_processing.hpp   : 167)   Running Final tip clipper
  0:00:02.872     6M / 46M   INFO   Simplification           (parallel_processing.hpp   : 170)   Final tip clipper triggered 21 times
  0:00:02.872     6M / 46M   INFO   Simplification           (parallel_processing.hpp   : 167)   Running Bulge remover
  0:00:02.874     6M / 46M   INFO   Simplification           (parallel_processing.hpp   : 170)   Bulge remover triggered 0 times
  0:00:02.874     6M / 46M   INFO   Simplification           (parallel_processing.hpp   : 167)   Running Final bulge remover
  0:00:02.876     6M / 46M   INFO   Simplification           (parallel_processing.hpp   : 170)   Final bulge remover triggered 0 times
  0:00:02.876     6M / 46M   INFO   Simplification           (parallel_processing.hpp   : 167)   Running AT Tips
  0:00:02.880     6M / 46M   INFO   Simplification           (parallel_processing.hpp   : 170)   AT Tips triggered 0 times
  0:00:02.880     6M / 46M   INFO   Simplification           (parallel_processing.hpp   : 167)   Running Relative coverage erroneous connection remover
  0:00:02.884     6M / 46M   INFO   Simplification           (parallel_processing.hpp   : 170)   Relative coverage erroneous connection remover triggered 0 times
  0:00:02.884     6M / 46M   INFO   Simplification           (parallel_processing.hpp   : 167)   Running Relative coverage component remover
  0:00:02.886     6M / 46M   INFO   Simplification           (parallel_processing.hpp   : 170)   Relative coverage component remover triggered 0 times
  0:00:02.886     6M / 46M   INFO   Simplification           (parallel_processing.hpp   : 167)   Running Complex bulge remover
  0:00:02.940     6M / 46M   INFO   Simplification           (parallel_processing.hpp   : 170)   Complex bulge remover triggered 0 times
  0:00:02.940     6M / 46M   INFO   Simplification           (parallel_processing.hpp   : 167)   Running Tip clipper
  0:00:02.944     6M / 46M   INFO   Simplification           (parallel_processing.hpp   : 170)   Tip clipper triggered 0 times
  0:00:02.944     6M / 46M   INFO   Simplification           (parallel_processing.hpp   : 167)   Running Final tip clipper
  0:00:02.947     6M / 46M   INFO   Simplification           (parallel_processing.hpp   : 170)   Final tip clipper triggered 0 times
  0:00:02.947     6M / 46M   INFO   Simplification           (parallel_processing.hpp   : 167)   Running Bulge remover
  0:00:02.948     6M / 46M   INFO   Simplification           (parallel_processing.hpp   : 170)   Bulge remover triggered 0 times
  0:00:02.948     6M / 46M   INFO   Simplification           (parallel_processing.hpp   : 167)   Running Final bulge remover
  0:00:02.950     6M / 46M   INFO   Simplification           (parallel_processing.hpp   : 170)   Final bulge remover triggered 0 times
  0:00:02.950     6M / 46M   INFO   Simplification           (parallel_processing.hpp   : 167)   Running AT Tips
  0:00:02.955     6M / 46M   INFO   Simplification           (parallel_processing.hpp   : 170)   AT Tips triggered 0 times
  0:00:02.955     6M / 46M   INFO    General                 (simplification.cpp        : 327)   Disrupting self-conjugate edges
  0:00:02.958     6M / 46M   INFO   Simplification           (parallel_processing.hpp   : 167)   Running Removing isolated edges
  0:00:02.976     6M / 46M   INFO   Simplification           (parallel_processing.hpp   : 170)   Removing isolated edges triggered 10813 times
  0:00:02.976     6M / 46M   INFO    General                 (simplification.cpp        : 495)   After simplification:
  0:00:02.976     6M / 46M   INFO    General                 (simplification.cpp        : 496)     Average coverage = 3.15246
  0:00:02.976     6M / 46M   INFO    General                 (simplification.cpp        : 497)     Total length = 41815
  0:00:02.977     6M / 46M   INFO    General                 (simplification.cpp        : 498)     Median edge length: 184
  0:00:02.977     6M / 46M   INFO    General                 (simplification.cpp        : 499)     Edges: 690
  0:00:02.977     6M / 46M   INFO    General                 (simplification.cpp        : 500)     Vertices: 1380
  0:00:02.977     6M / 46M   INFO   StageManager             (stage.cpp                 : 185)   STAGE == Mismatch Correction (id: mismatch_correction)
  0:00:02.977     6M / 46M   INFO    General                 (graph_pack.cpp            :  67)   Index refill
  0:00:02.977     6M / 46M   INFO    General                 (edge_index.hpp            : 156)   Using small index (max_id = 64667)
  0:00:02.980     6M / 46M   INFO   K-mer Index Building     (kmer_index_builder.hpp    : 395)   Building perfect hash indices
  0:00:03.093     6M / 46M   INFO   K-mer Index Building     (kmer_index_builder.hpp    : 431)   Index built. Total 41815 kmers, 79302 bytes occupied (15.172 bits per kmer).
  0:00:03.093     6M / 46M   INFO    General                 (edge_index_builders.hpp   : 252)   Collecting edge information from graph, this takes a while.
  0:00:03.099     6M / 46M   INFO    General                 (graph_pack.cpp            :  77)   Normalizing k-mer map. Total 0 kmers to process
  0:00:03.099     6M / 46M   INFO    General                 (graph_pack.cpp            :  79)   Normalizing done
  0:00:03.099     6M / 46M   INFO    General                 (mismatch_correction.cpp   : 400)   Collect potential mismatches
  0:00:03.099     6M / 46M   INFO    General                 (mismatch_correction.cpp   : 192)   Total 0 edges (out of 690) with 0 potential mismatch positions (-nan positions per edge)
  0:00:03.099     6M / 46M   INFO    General                 (mismatch_correction.cpp   : 402)   Potential mismatches collected
  0:00:03.273     6M / 46M   INFO    General                 (sequence_mapper_notifier.h:  95)   Total 40000 reads processed
  0:00:03.273     6M / 46M   INFO    General                 (mismatch_correction.cpp   : 395)   All edges processed
  0:00:03.273     6M / 46M   INFO    General                 (mismatch_correction.cpp   : 450)   Corrected 0 nucleotides
  0:00:03.273     6M / 46M   INFO   StageManager             (stage.cpp                 : 185)   STAGE == Contig Output (id: contig_output)
  0:00:03.273     6M / 46M   INFO    General                 (contig_output.hpp         :  16)   Outputting contigs to /home/epirzada/COMP483/PipelineProject/Outputs/SPADES/SRR5660033/K127/before_rr.fasta
  0:00:03.275     6M / 46M   INFO    General                 (contig_output_stage.cpp   : 151)   Writing GFA graph to /home/epirzada/COMP483/PipelineProject/Outputs/SPADES/SRR5660033/K127/assembly_graph_after_simplification.gfa
  0:00:03.276     6M / 46M   INFO   StageManager             (stage.cpp                 : 185)   STAGE == Paired Information Counting (id: late_pair_info_count)
  0:00:03.277     7M / 46M   INFO    General                 (graph_pack.cpp            :  77)   Normalizing k-mer map. Total 0 kmers to process
  0:00:03.277     7M / 46M   INFO    General                 (graph_pack.cpp            :  79)   Normalizing done
  0:00:03.278     7M / 46M   INFO    General                 (pair_info_count.cpp       : 339)   Min edge length for estimation: 500
  0:00:03.278     7M / 46M   INFO    General                 (pair_info_count.cpp       : 350)   Estimating insert size for library #0
  0:00:03.278     7M / 46M   INFO    General                 (pair_info_count.cpp       : 202)   Estimating insert size (takes a while)
  0:00:03.303    39M / 76M   INFO    General                 (pair_info_count.cpp       :  48)   Selecting usual mapper
  0:00:03.422    39M / 76M   INFO    General                 (sequence_mapper_notifier.h:  95)   Total 10000 reads processed
  0:00:03.535    39M / 76M   INFO    General                 (pair_info_count.cpp       : 220)   Edge pairs: 442
  0:00:03.535    39M / 76M   INFO    General                 (pair_info_count.cpp       : 222)   448 paired reads (4.48% of all) aligned to long edges
  0:00:03.535     7M / 76M   INFO    General                 (pair_info_count.cpp       : 369)     Insert size = 212.467, deviation = 57.6444, left quantile = 150, right quantile = 293, read length = 151
  0:00:03.535     7M / 76M   INFO    General                 (pair_info_count.cpp       : 402)   Mapping library #0
  0:00:03.535     7M / 76M   INFO    General                 (pair_info_count.cpp       : 404)   Mapping paired reads (takes a while)
  0:00:03.535     7M / 76M   INFO    General                 (pair_info_count.cpp       : 299)   Left insert size quantile 150, right insert size quantile 293, filtering threshold 0, rounding threshold 0
  0:00:03.540    16M / 79M   INFO    General                 (pair_info_count.cpp       :  48)   Selecting usual mapper
  0:00:03.633    16M / 79M   INFO    General                 (sequence_mapper_notifier.h:  95)   Total 10000 reads processed
  0:00:03.636     7M / 79M   INFO    General                 (pair_info_count.cpp       : 411)   Mapping single reads of library #0
  0:00:03.636     7M / 79M   INFO    General                 (pair_info_count.cpp       : 266)   Will calculate lib coverage as well
  0:00:03.636     7M / 79M   INFO    General                 (pair_info_count.cpp       :  48)   Selecting usual mapper
  0:00:03.728     7M / 79M   INFO    General                 (sequence_mapper_notifier.h:  95)   Total 20000 reads processed
  0:00:03.728     7M / 79M   INFO    General                 (pair_info_count.cpp       : 413)   Total paths obtained from single reads: 0
  0:00:03.728     7M / 79M   INFO   StageManager             (stage.cpp                 : 185)   STAGE == Distance Estimation (id: distance_estimation)
  0:00:03.728     7M / 79M   INFO    General                 (distance_estimation.cpp   : 179)   Processing library #0
  0:00:03.728     7M / 79M   INFO    General                 (distance_estimation.cpp   : 150)   Weight Filter Done
  0:00:03.728     7M / 79M   INFO   DistanceEstimator        (distance_estimation.hpp   : 116)   Using SIMPLE distance estimator
  0:00:03.729     7M / 79M   INFO    General                 (distance_estimation.cpp   :  37)   Filtering info
  0:00:03.729     7M / 79M   INFO    General                 (pair_info_filters.hpp     : 242)   Start filtering; library index size: 690
  0:00:03.730     7M / 79M   INFO    General                 (pair_info_filters.hpp     : 263)   Done filtering; library index size: 378
  0:00:03.730     7M / 79M   INFO    General                 (distance_estimation.cpp   : 156)   Refining clustered pair information
  0:00:03.730     7M / 79M   INFO    General                 (distance_estimation.cpp   : 158)   The refining of clustered pair information has been finished
  0:00:03.730     7M / 79M   INFO    General                 (distance_estimation.cpp   : 160)   Improving paired information
  0:00:03.730     7M / 79M   INFO   PairInfoImprover         (pair_info_improver.hpp    : 104)   Paired info stats: missing = 0; contradictional = 0
  0:00:03.731     7M / 79M   INFO   PairInfoImprover         (pair_info_improver.hpp    : 104)   Paired info stats: missing = 0; contradictional = 0
  0:00:03.731     7M / 79M   INFO   StageManager             (stage.cpp                 : 185)   STAGE == Repeat Resolving (id: repeat_resolving)
  0:00:03.731     7M / 79M   INFO    General                 (repeat_resolving.cpp      :  87)   Using Path-Extend repeat resolving
  0:00:03.731     7M / 79M   INFO    General                 (launcher.cpp              : 600)   ExSPAnder repeat resolving tool started
  0:00:03.732     8M / 79M   INFO    General                 (launcher.cpp              : 418)   Creating main extenders, unique edge length = 2000
  0:00:03.732     8M / 79M   INFO    General                 (extenders_logic.cpp       : 345)   Creating extender; library index size: 378
  0:00:03.732     8M / 79M   INFO    General                 (extenders_logic.cpp       : 345)   Creating extender; library index size: 378
  0:00:03.732     8M / 79M   INFO    General                 (extenders_logic.cpp       : 543)   Using 1 paired-end library
  0:00:03.732     8M / 79M   INFO    General                 (extenders_logic.cpp       : 544)   Using 1 paired-end scaffolding library
  0:00:03.732     8M / 79M   INFO    General                 (extenders_logic.cpp       : 545)   Using 0 single read libraries
  0:00:03.733     8M / 79M   INFO    General                 (launcher.cpp              : 447)   Total number of extenders is 5
  0:00:03.733     8M / 79M   INFO    General                 (path_extenders.cpp        :  36)   Processed 0 paths from 345 (0%)
  0:00:03.736     8M / 80M   INFO    General                 (path_extenders.cpp        :  36)   Processed 35 paths from 345 (10%)
  0:00:03.738     9M / 80M   INFO    General                 (path_extenders.cpp        :  36)   Processed 70 paths from 345 (20%)
  0:00:03.739     9M / 80M   INFO    General                 (path_extenders.cpp        :  36)   Processed 105 paths from 345 (30%)
  0:00:03.739     9M / 80M   INFO    General                 (path_extenders.cpp        :  34)   Processed 128 paths from 345 (37%)
  0:00:03.740     9M / 80M   INFO    General                 (path_extenders.cpp        :  36)   Processed 140 paths from 345 (40%)
  0:00:03.741     9M / 80M   INFO    General                 (path_extenders.cpp        :  36)   Processed 175 paths from 345 (50%)
  0:00:03.742     9M / 80M   INFO    General                 (path_extenders.cpp        :  36)   Processed 210 paths from 345 (60%)
  0:00:03.743     9M / 81M   INFO    General                 (path_extenders.cpp        :  36)   Processed 245 paths from 345 (71%)
  0:00:03.743     9M / 81M   INFO    General                 (path_extenders.cpp        :  34)   Processed 256 paths from 345 (74%)
  0:00:03.743     9M / 81M   INFO    General                 (path_extenders.cpp        :  36)   Processed 280 paths from 345 (81%)
  0:00:03.744     9M / 81M   INFO    General                 (path_extenders.cpp        :  36)   Processed 315 paths from 345 (91%)
  0:00:03.744     9M / 81M   INFO    General                 (launcher.cpp              : 250)   Finalizing paths
  0:00:03.744     9M / 81M   INFO    General                 (launcher.cpp              : 252)   Deduplicating paths
  0:00:03.744     9M / 81M   INFO    General                 (launcher.cpp              : 256)   Paths deduplicated
  0:00:03.744     9M / 81M   INFO    General                 (launcher.cpp              : 263)   Overlaps will not be removed
  0:00:03.745     9M / 81M   INFO    General                 (launcher.cpp              : 273)   Paths finalized
  0:00:03.745     9M / 81M   INFO    General                 (launcher.cpp              : 454)   Closing gaps in paths
  0:00:03.746    10M / 81M   INFO    General                 (launcher.cpp              : 484)   Gap closing completed
  0:00:03.746    10M / 81M   INFO    General                 (launcher.cpp              : 302)   Traversing tandem repeats
  0:00:03.747    10M / 81M   INFO    General                 (launcher.cpp              : 312)   Traversed 0 loops
  0:00:03.747    10M / 81M   INFO    General                 (launcher.cpp              : 250)   Finalizing paths
  0:00:03.747    10M / 81M   INFO    General                 (launcher.cpp              : 252)   Deduplicating paths
  0:00:03.747    10M / 81M   INFO    General                 (launcher.cpp              : 256)   Paths deduplicated
  0:00:03.747    10M / 81M   INFO    General                 (launcher.cpp              : 263)   Overlaps will not be removed
  0:00:03.747    10M / 81M   INFO    General                 (launcher.cpp              : 273)   Paths finalized
  0:00:03.747    10M / 81M   INFO    General                 (launcher.cpp              : 499)   Finalizing paths - hard
  0:00:03.748    12M / 81M   INFO    General                 (launcher.cpp              : 295)   Read length relative cutoff 1.5 converted to 99
  0:00:03.748    12M / 81M   INFO    General                 (launcher.cpp              : 296)   Read length absolute cutoff 130 bp converted to 99
  0:00:03.748    12M / 81M   INFO    General                 (launcher.cpp              : 297)   Length cutoff: 99
  0:00:03.748    11M / 81M   INFO    General                 (launcher.cpp              : 295)   Read length relative cutoff 2 converted to 175
  0:00:03.748    11M / 81M   INFO    General                 (launcher.cpp              : 296)   Read length absolute cutoff 180 bp converted to 175
  0:00:03.748    11M / 81M   INFO    General                 (launcher.cpp              : 297)   Length cutoff: 175
  0:00:03.748    11M / 81M   INFO    General                 (launcher.cpp              : 295)   Read length relative cutoff 2 converted to 175
  0:00:03.748    11M / 81M   INFO    General                 (launcher.cpp              : 296)   Read length absolute cutoff 180 bp converted to 175
  0:00:03.748    11M / 81M   INFO    General                 (launcher.cpp              : 297)   Length cutoff: 175
  0:00:03.749    10M / 81M   INFO    General                 (launcher.cpp              : 499)   Finalizing paths - soft
  0:00:03.749    12M / 81M   INFO    General                 (launcher.cpp              : 295)   Read length relative cutoff 1.05 converted to 31
  0:00:03.749    12M / 81M   INFO    General                 (launcher.cpp              : 296)   Read length absolute cutoff 85 bp converted to 31
  0:00:03.749    12M / 81M   INFO    General                 (launcher.cpp              : 297)   Length cutoff: 31
  0:00:03.749    11M / 81M   INFO    General                 (launcher.cpp              : 295)   Read length relative cutoff 1.5 converted to 99
  0:00:03.749    11M / 81M   INFO    General                 (launcher.cpp              : 296)   Read length absolute cutoff 130 bp converted to 99
  0:00:03.749    11M / 81M   INFO    General                 (launcher.cpp              : 297)   Length cutoff: 99
  0:00:03.749    11M / 81M   INFO    General                 (launcher.cpp              : 295)   Read length relative cutoff 1.2 converted to 54
  0:00:03.749    11M / 81M   INFO    General                 (launcher.cpp              : 296)   Read length absolute cutoff 100 bp converted to 54
  0:00:03.749    11M / 81M   INFO    General                 (launcher.cpp              : 297)   Length cutoff: 54
  0:00:03.750    11M / 81M   INFO    General                 (launcher.cpp              : 507)   Finalizing main paths
  0:00:03.750    11M / 81M   INFO    General                 (launcher.cpp              : 295)   Read length relative cutoff 1.3 converted to 69
  0:00:03.750    11M / 81M   INFO    General                 (launcher.cpp              : 296)   Read length absolute cutoff 110 bp converted to 69
  0:00:03.750    11M / 81M   INFO    General                 (launcher.cpp              : 297)   Length cutoff: 69
  0:00:03.750    10M / 81M   INFO    General                 (launcher.cpp              : 295)   Read length relative cutoff 1.6 converted to 114
  0:00:03.750    10M / 81M   INFO    General                 (launcher.cpp              : 296)   Read length absolute cutoff 140 bp converted to 114
  0:00:03.750    10M / 81M   INFO    General                 (launcher.cpp              : 297)   Length cutoff: 114
  0:00:03.750    10M / 81M   INFO    General                 (launcher.cpp              : 295)   Read length relative cutoff 1.5 converted to 99
  0:00:03.750    10M / 81M   INFO    General                 (launcher.cpp              : 296)   Read length absolute cutoff 130 bp converted to 99
  0:00:03.750    10M / 81M   INFO    General                 (launcher.cpp              : 297)   Length cutoff: 99
  0:00:03.751    10M / 81M   INFO    General                 (launcher.cpp              : 664)   ExSPAnder repeat resolving tool finished
  0:00:03.751     7M / 81M   INFO   StageManager             (stage.cpp                 : 185)   STAGE == Contig Output (id: contig_output)
  0:00:03.751     7M / 81M   INFO    General                 (contig_output.hpp         :  16)   Outputting contigs to /home/epirzada/COMP483/PipelineProject/Outputs/SPADES/SRR5660033/K127/before_rr.fasta
  0:00:03.753     7M / 81M   INFO    General                 (contig_output_stage.cpp   : 151)   Writing GFA graph to /home/epirzada/COMP483/PipelineProject/Outputs/SPADES/SRR5660033/K127/assembly_graph_with_scaffolds.gfa
  0:00:03.754     7M / 81M   INFO    General                 (contig_output_stage.cpp   : 165)   Outputting FastG graph to /home/epirzada/COMP483/PipelineProject/Outputs/SPADES/SRR5660033/K127/assembly_graph.fastg
  0:00:03.758     7M / 81M   INFO    General                 (contig_output_stage.cpp   :  98)   Outputting contigs to /home/epirzada/COMP483/PipelineProject/Outputs/SPADES/SRR5660033/K127/transcripts.fasta
  0:00:03.759     7M / 81M   INFO    General                 (contig_output_stage.cpp   : 104)   Outputting FastG paths to /home/epirzada/COMP483/PipelineProject/Outputs/SPADES/SRR5660033/K127/transcripts.paths
  0:00:03.759     7M / 81M   INFO    General                 (contig_output_stage.cpp   : 111)   Populating GFA with scaffold paths
  0:00:03.759     7M / 81M   INFO    General                 (pipeline.cpp              : 287)   SPAdes finished
  0:00:03.760     1M / 81M   INFO    General                 (main.cpp                  : 136)   Assembling time: 0 hours 0 minutes 3 seconds

===== K127 finished. 


===== Copy files started. 


== Running: /usr/bin/python3 /usr/share/spades/spades_pipeline/scripts/copy_files.py /home/epirzada/COMP483/PipelineProject/Outputs/SPADES/SRR5660033/K127/before_rr.fasta /home/epirzada/COMP483/PipelineProject/Outputs/SPADES/SRR5660033/before_rr.fasta /home/epirzada/COMP483/PipelineProject/Outputs/SPADES/SRR5660033/K127/assembly_graph_after_simplification.gfa /home/epirzada/COMP483/PipelineProject/Outputs/SPADES/SRR5660033/assembly_graph_after_simplification.gfa /home/epirzada/COMP483/PipelineProject/Outputs/SPADES/SRR5660033/K127/transcripts.fasta /home/epirzada/COMP483/PipelineProject/Outputs/SPADES/SRR5660033/transcripts.fasta /home/epirzada/COMP483/PipelineProject/Outputs/SPADES/SRR5660033/K127/transcripts.paths /home/epirzada/COMP483/PipelineProject/Outputs/SPADES/SRR5660033/transcripts.paths /home/epirzada/COMP483/PipelineProject/Outputs/SPADES/SRR5660033/K127/assembly_graph_with_scaffolds.gfa /home/epirzada/COMP483/PipelineProject/Outputs/SPADES/SRR5660033/assembly_graph_with_scaffolds.gfa /home/epirzada/COMP483/PipelineProject/Outputs/SPADES/SRR5660033/K127/assembly_graph.fastg /home/epirzada/COMP483/PipelineProject/Outputs/SPADES/SRR5660033/assembly_graph.fastg /home/epirzada/COMP483/PipelineProject/Outputs/SPADES/SRR5660033/K127/hard_filtered_final_paths.fasta /home/epirzada/COMP483/PipelineProject/Outputs/SPADES/SRR5660033/hard_filtered_transcripts.fasta /home/epirzada/COMP483/PipelineProject/Outputs/SPADES/SRR5660033/K127/soft_filtered_final_paths.fasta /home/epirzada/COMP483/PipelineProject/Outputs/SPADES/SRR5660033/soft_filtered_transcripts.fasta


===== Copy files finished. 


===== Assembling finished. 


===== Breaking scaffolds started. 


== Running: /usr/bin/python3 /usr/share/spades/spades_pipeline/scripts/breaking_scaffolds_script.py --result_scaffolds_filename /home/epirzada/COMP483/PipelineProject/Outputs/SPADES/SRR5660033/scaffolds.fasta --misc_dir /home/epirzada/COMP483/PipelineProject/Outputs/SPADES/SRR5660033/misc --threshold_for_breaking_scaffolds 3


===== Breaking scaffolds finished. 


===== Terminate started. 


===== Terminate finished. 

 * Assembled transcripts are in /home/epirzada/COMP483/PipelineProject/Outputs/SPADES/SRR5660033/transcripts.fasta
 * Paths in the assembly graph corresponding to the transcripts are in /home/epirzada/COMP483/PipelineProject/Outputs/SPADES/SRR5660033/transcripts.paths
 * Hard filtered transcripts are in /home/epirzada/COMP483/PipelineProject/Outputs/SPADES/SRR5660033/hard_filtered_transcripts.fasta
 * Soft filtered transcripts are in /home/epirzada/COMP483/PipelineProject/Outputs/SPADES/SRR5660033/soft_filtered_transcripts.fasta
 * Assembly graph is in /home/epirzada/COMP483/PipelineProject/Outputs/SPADES/SRR5660033/assembly_graph.fastg
 * Assembly graph in GFA format is in /home/epirzada/COMP483/PipelineProject/Outputs/SPADES/SRR5660033/assembly_graph_with_scaffolds.gfa

======= SPAdes pipeline finished.

SPAdes log can be found here: /home/epirzada/COMP483/PipelineProject/Outputs/SPADES/SRR5660033/spades.log

Thank you for using SPAdes!
