Command line: /usr/libexec/spades/spades.py	--only-assembler	-k	127	--rna	-1	/home/epirzada/COMP483/PipelineProject/Samples/SRR5660045_1_sample.fastq	-2	/home/epirzada/COMP483/PipelineProject/Samples/SRR5660045_2_sample.fastq	-o	/home/epirzada/COMP483/PipelineProject/Outputs/SPADES/SRR5660045	

System information:
  SPAdes version: 3.15.5
  Python version: 3.12.3
  OS: Linux-6.8.0-90-generic-x86_64-with-glibc2.39

Output dir: /home/epirzada/COMP483/PipelineProject/Outputs/SPADES/SRR5660045
Debug mode is turned OFF

Dataset parameters:
  RNA-seq mode
  Reads:
    Library number: 1, library type: paired-end
      orientation: fr
      left reads: ['/home/epirzada/COMP483/PipelineProject/Samples/SRR5660045_1_sample.fastq']
      right reads: ['/home/epirzada/COMP483/PipelineProject/Samples/SRR5660045_2_sample.fastq']
      interlaced reads: not specified
      single reads: not specified
      merged reads: not specified
Assembly parameters:
  k: [127]
  Repeat resolution is enabled
  Mismatch careful mode is turned OFF
  MismatchCorrector will be SKIPPED
  Coverage cutoff is turned OFF
Other parameters:
  Dir for temp files: /home/epirzada/COMP483/PipelineProject/Outputs/SPADES/SRR5660045/tmp
  Threads: 16
  Memory limit (in Gb): 250


======= SPAdes pipeline started. Log can be found here: /home/epirzada/COMP483/PipelineProject/Outputs/SPADES/SRR5660045/spades.log


===== Before start started. 


===== Assembling started. 


===== K127 started. 


== Running: /usr/libexec/spades/spades-core /home/epirzada/COMP483/PipelineProject/Outputs/SPADES/SRR5660045/K127/configs/config.info /home/epirzada/COMP483/PipelineProject/Outputs/SPADES/SRR5660045/K127/configs/mda_mode.info /home/epirzada/COMP483/PipelineProject/Outputs/SPADES/SRR5660045/K127/configs/rna_mode.info

  0:00:00.000     1M / 18M   INFO    General                 (main.cpp                  :  99)   Loaded config from /home/epirzada/COMP483/PipelineProject/Outputs/SPADES/SRR5660045/K127/configs/config.info
  0:00:00.000     1M / 18M   INFO    General                 (main.cpp                  :  99)   Loaded config from /home/epirzada/COMP483/PipelineProject/Outputs/SPADES/SRR5660045/K127/configs/mda_mode.info
  0:00:00.000     1M / 18M   INFO    General                 (main.cpp                  :  99)   Loaded config from /home/epirzada/COMP483/PipelineProject/Outputs/SPADES/SRR5660045/K127/configs/rna_mode.info
  0:00:00.000     1M / 18M   INFO    General                 (memory_limit.cpp          :  54)   Memory limit set to 250 Gb
  0:00:00.000     1M / 18M   INFO    General                 (main.cpp                  : 107)   Starting SPAdes, built from N/A, git revision N/A
  0:00:00.000     1M / 18M   INFO    General                 (main.cpp                  : 108)   Maximum k-mer length: 128
  0:00:00.000     1M / 18M   INFO    General                 (main.cpp                  : 109)   Assembling dataset (/home/epirzada/COMP483/PipelineProject/Outputs/SPADES/SRR5660045/dataset.info) with K=127
  0:00:00.000     1M / 18M   INFO    General                 (main.cpp                  : 110)   Maximum # of threads to use (adjusted due to OMP capabilities): 1
  0:00:00.000     1M / 18M   INFO    General                 (pipeline.cpp              : 212)   SPAdes started
  0:00:00.000     1M / 18M   INFO    General                 (pipeline.cpp              : 225)   Starting from stage: read_conversion
  0:00:00.000     1M / 18M   INFO    General                 (pipeline.cpp              : 231)   Two-step repeat resolution disabled
  0:00:00.000     1M / 18M   INFO   GraphCore                (graph_core.hpp            : 672)   Graph created, vertex min_id: 3, edge min_id: 3
  0:00:00.000     1M / 18M   INFO   GraphCore                (graph_core.hpp            : 673)   Vertex size: 48, edge size: 40
  0:00:00.000     1M / 18M   INFO    General                 (edge_index.hpp            : 113)   Size of edge index entries: 12/8
  0:00:00.000     1M / 18M   INFO    General                 (pipeline.cpp              : 242)   Will need read mapping, kmer mapper will be attached
  0:00:00.000     1M / 18M   INFO   StageManager             (stage.cpp                 : 185)   STAGE == Binary Read Conversion (id: read_conversion)
  0:00:00.000     1M / 18M   INFO    General                 (read_converter.cpp        :  72)   Converting reads to binary format for library #0 (takes a while)
  0:00:00.000     1M / 18M   INFO    General                 (read_converter.cpp        :  73)   Converting paired reads
  0:00:00.071    23M / 23M   INFO    General                 (binary_converter.cpp      : 111)   10000 reads written
  0:00:00.072     1M / 18M   INFO    General                 (read_converter.cpp        :  86)   Converting single reads
  0:00:00.072    11M / 18M   INFO    General                 (binary_converter.cpp      : 111)   0 reads written
  0:00:00.072     1M / 18M   INFO    General                 (read_converter.cpp        :  92)   Converting merged reads
  0:00:00.072    11M / 18M   INFO    General                 (binary_converter.cpp      : 111)   0 reads written
  0:00:00.072     1M / 18M   INFO   StageManager             (stage.cpp                 : 185)   STAGE == de Bruijn graph construction (id: construction)
  0:00:00.072     1M / 18M   INFO    General                 (construction.cpp          : 153)   Max read length 151
  0:00:00.072     1M / 18M   INFO    General                 (construction.cpp          : 159)   Average read length 147.115
  0:00:00.072     1M / 18M   INFO    General                 (stage.cpp                 : 117)   PROCEDURE == k+1-mer counting (id: construction:kpomer_counting)
  0:00:00.072     1M / 18M   INFO    General                 (kmer_index_builder.hpp    : 243)   Splitting kmer instances into 10 files using 1 threads. This might take a while.
  0:00:00.072     1M / 18M   INFO    General                 (file_limit.hpp            :  42)   Open file limit set to 1048576
  0:00:00.072     1M / 18M   INFO    General                 (kmer_splitter.hpp         :  93)   Memory available for splitting buffers: 83.3333 Gb
  0:00:00.072     1M / 18M   INFO    General                 (kmer_splitter.hpp         : 101)   Using cell size of 1677721
  0:00:00.222   601M / 601M  INFO    General                 (kmer_splitters.hpp        : 125)   Processed 40000 reads
  0:00:00.223     1M / 27M   INFO    General                 (kmer_splitters.hpp        : 131)   Used 40000 reads
  0:00:00.224     1M / 27M   INFO    General                 (kmer_index_builder.hpp    : 249)   Starting k-mer counting.
  0:00:00.239     1M / 27M   INFO    General                 (kmer_index_builder.hpp    : 260)   K-mer counting done. There are 281920 kmers in total.
  0:00:00.239     1M / 27M   INFO    General                 (stage.cpp                 : 117)   PROCEDURE == Extension index construction (id: construction:extension_index_construction)
  0:00:00.239     1M / 27M   INFO   K-mer Index Building     (kmer_index_builder.hpp    : 438)   Building kmer index
  0:00:00.239     1M / 27M   INFO    General                 (kmer_index_builder.hpp    : 243)   Splitting kmer instances into 10 files using 1 threads. This might take a while.
  0:00:00.239     1M / 27M   INFO    General                 (file_limit.hpp            :  42)   Open file limit set to 1048576
  0:00:00.239     1M / 27M   INFO    General                 (kmer_splitter.hpp         :  93)   Memory available for splitting buffers: 83.3333 Gb
  0:00:00.239     1M / 27M   INFO    General                 (kmer_splitter.hpp         : 101)   Using cell size of 1677721
  0:00:00.415   601M / 601M  INFO    General                 (kmer_splitters.hpp        : 194)   Processed 281920 kmers
  0:00:00.415   601M / 601M  INFO    General                 (kmer_splitters.hpp        : 199)   Used 281920 kmers.
  0:00:00.415     1M / 41M   INFO    General                 (kmer_index_builder.hpp    : 249)   Starting k-mer counting.
  0:00:00.432     1M / 41M   INFO    General                 (kmer_index_builder.hpp    : 260)   K-mer counting done. There are 291882 kmers in total.
  0:00:00.432     1M / 41M   INFO   K-mer Index Building     (kmer_index_builder.hpp    : 395)   Building perfect hash indices
  0:00:00.484     1M / 41M   INFO   K-mer Index Building     (kmer_index_builder.hpp    : 431)   Index built. Total 291882 kmers, 218344 bytes occupied (5.98445 bits per kmer).
  0:00:00.484     1M / 41M   INFO    General                 (kmer_index_builder.hpp    : 169)   Merging final buckets.
  0:00:00.495     1M / 41M   INFO   DeBruijnExtensionIndexBu (kmer_extension_index_build: 100)   Building k-mer extensions from k+1-mers
  0:00:00.593     1M / 41M   INFO   DeBruijnExtensionIndexBu (kmer_extension_index_build: 105)   Building k-mer extensions from k+1-mers finished.
  0:00:00.593     1M / 41M   INFO    General                 (stage.cpp                 : 117)   PROCEDURE == Early A/T remover (id: construction:early_at_remover)
  0:00:00.593     1M / 41M   INFO   Early A/T remover        (early_simplification.hpp  : 176)   Remove short poly A/T edges
  0:00:00.691     1M / 41M   INFO   Early A/T remover        (early_simplification.hpp  : 254)   Links removed: 0
  0:00:00.691     1M / 41M   INFO   Early A/T remover        (early_simplification.hpp  : 179)   0 128-mers were removed by early poly A/T remover
  0:00:00.692     1M / 41M   INFO   Early A/T remover        (early_simplification.hpp  : 262)   Remove poly A/T tips
  0:00:00.860     1M / 41M   INFO   Early A/T remover        (early_simplification.hpp  : 331)   Clipped tips: 26
  0:00:00.860     1M / 41M   INFO   Early A/T remover        (early_simplification.hpp  : 265)   150 128-mers were removed by early poly A/T tip clipper
  0:00:00.860     1M / 41M   INFO    General                 (stage.cpp                 : 117)   PROCEDURE == Condensing graph (id: construction:graph_condensing)
  0:00:00.861     1M / 41M   INFO   UnbranchingPathExtractor (debruijn_graph_constructor: 354)   Extracting unbranching paths
  0:00:01.019     2M / 41M   INFO   UnbranchingPathExtractor (debruijn_graph_constructor: 373)   Extracting unbranching paths finished. 13437 sequences extracted
  0:00:01.114     2M / 41M   INFO   UnbranchingPathExtractor (debruijn_graph_constructor: 309)   Collecting perfect loops
  0:00:01.150     2M / 41M   INFO   UnbranchingPathExtractor (debruijn_graph_constructor: 342)   Collecting perfect loops finished. 0 loops collected
  0:00:01.151     2M / 41M   INFO    General                 (debruijn_graph_constructor: 487)   Total 26874 edges to create
  0:00:01.151     3M / 41M   INFO    General                 (debruijn_graph_constructor: 489)   Collecting link records
  0:00:01.171     4M / 41M   INFO    General                 (debruijn_graph_constructor: 491)   Ordering link records
  0:00:01.173     4M / 41M   INFO    General                 (debruijn_graph_constructor: 493)   Sorting done
  0:00:01.174     4M / 41M   INFO    General                 (debruijn_graph_constructor: 503)   Total 23399 vertices to create
  0:00:01.174     6M / 41M   INFO    General                 (debruijn_graph_constructor: 506)   Connecting the graph
  0:00:01.178     5M / 41M   INFO    General                 (stage.cpp                 : 117)   PROCEDURE == Filling coverage indices (PHM) (id: construction:coverage_filling_phm)
  0:00:01.178     5M / 41M   INFO   K-mer Index Building     (kmer_index_builder.hpp    : 395)   Building perfect hash indices
  0:00:01.221     6M / 41M   INFO   K-mer Index Building     (kmer_index_builder.hpp    : 431)   Index built. Total 281920 kmers, 211144 bytes occupied (5.9916 bits per kmer).
  0:00:01.222     7M / 41M   INFO    General                 (coverage_hash_map_builder.:  47)   Collecting k-mer coverage information from reads, this takes a while.
  0:00:01.304     7M / 41M   INFO    General                 (construction.cpp          : 430)   Filling coverage and flanking coverage from PHM
  0:00:01.415     7M / 41M   INFO    General                 (coverage_filling.hpp      :  82)   Processed 26874 edges
  0:00:01.420     5M / 41M   INFO   StageManager             (stage.cpp                 : 185)   STAGE == EC Threshold Finding (id: ec_threshold_finder)
  0:00:01.422     5M / 41M   INFO   ThresholdFinder          (ec_threshold_finder.hpp   : 119)   Bucket size: 5
  0:00:01.422     5M / 41M   INFO    General                 (genomic_info_filler.cpp   :  39)   Average edge coverage: 1.48905
  0:00:01.422     5M / 41M   INFO    General                 (genomic_info_filler.cpp   :  40)   Graph threshold: 18
  0:00:01.422     5M / 41M   INFO    General                 (genomic_info_filler.cpp   :  70)   EC coverage threshold value was calculated as 1.48905
  0:00:01.422     5M / 41M   INFO    General                 (genomic_info_filler.cpp   :  71)   Trusted kmer low bound: 0
  0:00:01.422     5M / 41M   INFO   StageManager             (stage.cpp                 : 185)   STAGE == Gap Closer (id: early_gapcloser)
  0:00:01.428    14M / 41M   INFO    General                 (edge_index.hpp            : 113)   Size of edge index entries: 12/8
  0:00:01.437    14M / 41M   INFO    General                 (gap_closer.cpp            : 101)   Total edges in tip neighborhood: 22906 out of 26874, length: 514609
  0:00:01.438    15M / 41M   INFO    General                 (edge_index.hpp            : 167)   Using small index (max_id = 27011)
  0:00:01.464    15M / 41M   INFO   K-mer Index Building     (kmer_index_builder.hpp    : 395)   Building perfect hash indices
  0:00:01.610    15M / 41M   INFO   K-mer Index Building     (kmer_index_builder.hpp    : 431)   Index built. Total 272314 kmers, 197424 bytes occupied (5.79989 bits per kmer).
  0:00:01.611    17M / 41M   INFO    General                 (edge_index_builders.hpp   : 265)   Collecting edge information from graph, this takes a while.
  0:00:01.729    17M / 41M   INFO    General                 (sequence_mapper_notifier.h:  95)   Total 10000 reads processed
  0:00:01.738    15M / 41M   INFO    General                 (gap_closer.cpp            : 452)   Initializing gap closer
  0:00:01.739    15M / 41M   INFO   GapCloser                (gap_closer.cpp            : 359)   Closing short gaps
  0:00:01.754    16M / 41M   INFO   GapCloser                (gap_closer.cpp            : 391)   Closing short gaps complete: filled 209 gaps after checking 613 candidates
  0:00:01.756    16M / 41M   INFO    General                 (gap_closer.cpp            : 456)   Gap closer done
  0:00:01.758     6M / 41M   INFO   StageManager             (stage.cpp                 : 185)   STAGE == Raw Simplification (id: raw_simplification)
  0:00:01.758     6M / 41M   INFO    General                 (simplification.cpp        : 106)   PROCEDURE == Initial cleaning
  0:00:01.758     6M / 41M   INFO   Simplification           (parallel_processing.hpp   : 167)   Running poly A/T short edge remover
  0:00:01.760     6M / 41M   INFO   Simplification           (parallel_processing.hpp   : 170)   poly A/T short edge remover triggered 0 times
  0:00:01.760     6M / 41M   INFO   Simplification           (parallel_processing.hpp   : 167)   Running poly A/T tip clipper
  0:00:01.766     6M / 41M   INFO   Simplification           (parallel_processing.hpp   : 170)   poly A/T tip clipper triggered 258 times
  0:00:01.766     6M / 41M   INFO    General                 (graph_simplification.hpp  : 703)   Removing loops and rc loops with erroneous connections
  0:00:01.773     6M / 41M   INFO   ECLoopRemover            (erroneous_connection_remov: 406)   Loops: accurately removed/deadend removed/other: 0/0/0
  0:00:01.773     6M / 41M   INFO   ECLoopRemover            (erroneous_connection_remov: 407)   RC loops: accurately removed/deadend removed/other: 0/0/0
  0:00:01.773     6M / 41M   INFO   StageManager             (stage.cpp                 : 185)   STAGE == Simplification (id: simplification)
  0:00:01.773     6M / 41M   INFO    General                 (simplification.cpp        : 368)   Graph simplification started
  0:00:01.773     6M / 41M   INFO    General                 (graph_simplification.hpp  : 634)   Creating parallel br instance
  0:00:01.773     6M / 41M   INFO   ConditionParser          (graph_simplification.hpp  : 179)   Creating relative coverage EC condition with threshold 1
  0:00:01.773     6M / 41M   INFO    General                 (simplification.cpp        : 373)   PROCEDURE == Simplification cycle, iteration 1
  0:00:01.773     6M / 41M   INFO   Simplification           (parallel_processing.hpp   : 167)   Running Tip clipper
  0:00:01.788     6M / 41M   INFO   Simplification           (parallel_processing.hpp   : 170)   Tip clipper triggered 1386 times
  0:00:01.789     6M / 41M   INFO   Simplification           (parallel_processing.hpp   : 167)   Running Dead end clipper
  0:00:01.794     6M / 41M   INFO   Simplification           (parallel_processing.hpp   : 170)   Dead end clipper triggered 163 times
  0:00:01.794     6M / 41M   INFO   Simplification           (parallel_processing.hpp   : 167)   Running Bulge remover
  0:00:01.796     6M / 41M   INFO   Simplification           (parallel_processing.hpp   : 170)   Bulge remover triggered 0 times
  0:00:01.796     6M / 41M   INFO   Simplification           (parallel_processing.hpp   : 167)   Running Tip clipper
  0:00:01.796     6M / 41M   INFO   Simplification           (parallel_processing.hpp   : 170)   Tip clipper triggered 0 times
  0:00:01.796     6M / 41M   INFO   Simplification           (parallel_processing.hpp   : 167)   Running Dead end clipper
  0:00:01.796     6M / 41M   INFO   Simplification           (parallel_processing.hpp   : 170)   Dead end clipper triggered 0 times
  0:00:01.796     6M / 41M   INFO   Simplification           (parallel_processing.hpp   : 167)   Running Bulge remover
  0:00:01.796     6M / 41M   INFO   Simplification           (parallel_processing.hpp   : 170)   Bulge remover triggered 0 times
  0:00:01.796     6M / 41M   INFO   Simplification           (parallel_processing.hpp   : 167)   Running Low coverage edge remover
  0:00:01.797     6M / 41M   INFO   ConditionParser          (graph_simplification.hpp  : 179)   Creating relative coverage EC condition with threshold 1
  0:00:01.797     6M / 41M   INFO   Simplification           (parallel_processing.hpp   : 170)   Low coverage edge remover triggered 3 times
  0:00:01.797     6M / 41M   INFO    General                 (simplification.cpp        : 373)   PROCEDURE == Simplification cycle, iteration 2
  0:00:01.797     6M / 41M   INFO   Simplification           (parallel_processing.hpp   : 167)   Running Tip clipper
  0:00:01.799     6M / 41M   INFO   Simplification           (parallel_processing.hpp   : 170)   Tip clipper triggered 9 times
  0:00:01.799     6M / 41M   INFO   Simplification           (parallel_processing.hpp   : 167)   Running Dead end clipper
  0:00:01.801     6M / 41M   INFO   Simplification           (parallel_processing.hpp   : 170)   Dead end clipper triggered 0 times
  0:00:01.802     6M / 41M   INFO   Simplification           (parallel_processing.hpp   : 167)   Running Bulge remover
  0:00:01.803     6M / 41M   INFO   Simplification           (parallel_processing.hpp   : 170)   Bulge remover triggered 0 times
  0:00:01.803     6M / 41M   INFO   Simplification           (parallel_processing.hpp   : 167)   Running Tip clipper
  0:00:01.803     6M / 41M   INFO   Simplification           (parallel_processing.hpp   : 170)   Tip clipper triggered 0 times
  0:00:01.803     6M / 41M   INFO   Simplification           (parallel_processing.hpp   : 167)   Running Dead end clipper
  0:00:01.803     6M / 41M   INFO   Simplification           (parallel_processing.hpp   : 170)   Dead end clipper triggered 0 times
  0:00:01.803     6M / 41M   INFO   Simplification           (parallel_processing.hpp   : 167)   Running Bulge remover
  0:00:01.803     6M / 41M   INFO   Simplification           (parallel_processing.hpp   : 170)   Bulge remover triggered 0 times
  0:00:01.803     6M / 41M   INFO   Simplification           (parallel_processing.hpp   : 167)   Running Low coverage edge remover
  0:00:01.805     6M / 41M   INFO   ConditionParser          (graph_simplification.hpp  : 179)   Creating relative coverage EC condition with threshold 1
  0:00:01.805     6M / 41M   INFO   Simplification           (parallel_processing.hpp   : 170)   Low coverage edge remover triggered 0 times
  0:00:01.805     6M / 41M   INFO    General                 (simplification.cpp        : 373)   PROCEDURE == Simplification cycle, iteration 3
  0:00:01.805     6M / 41M   INFO   Simplification           (parallel_processing.hpp   : 167)   Running Tip clipper
  0:00:01.807     6M / 41M   INFO   Simplification           (parallel_processing.hpp   : 170)   Tip clipper triggered 2 times
  0:00:01.807     6M / 41M   INFO   Simplification           (parallel_processing.hpp   : 167)   Running Dead end clipper
  0:00:01.809     6M / 41M   INFO   Simplification           (parallel_processing.hpp   : 170)   Dead end clipper triggered 0 times
  0:00:01.809     6M / 41M   INFO   Simplification           (parallel_processing.hpp   : 167)   Running Bulge remover
  0:00:01.810     6M / 41M   INFO   Simplification           (parallel_processing.hpp   : 170)   Bulge remover triggered 0 times
  0:00:01.810     6M / 41M   INFO   Simplification           (parallel_processing.hpp   : 167)   Running Tip clipper
  0:00:01.810     6M / 41M   INFO   Simplification           (parallel_processing.hpp   : 170)   Tip clipper triggered 0 times
  0:00:01.810     6M / 41M   INFO   Simplification           (parallel_processing.hpp   : 167)   Running Dead end clipper
  0:00:01.810     6M / 41M   INFO   Simplification           (parallel_processing.hpp   : 170)   Dead end clipper triggered 0 times
  0:00:01.810     6M / 41M   INFO   Simplification           (parallel_processing.hpp   : 167)   Running Bulge remover
  0:00:01.810     6M / 41M   INFO   Simplification           (parallel_processing.hpp   : 170)   Bulge remover triggered 0 times
  0:00:01.810     6M / 41M   INFO   Simplification           (parallel_processing.hpp   : 167)   Running Low coverage edge remover
  0:00:01.812     6M / 41M   INFO   ConditionParser          (graph_simplification.hpp  : 179)   Creating relative coverage EC condition with threshold 1
  0:00:01.812     6M / 41M   INFO   Simplification           (parallel_processing.hpp   : 170)   Low coverage edge remover triggered 0 times
  0:00:01.812     6M / 41M   INFO    General                 (simplification.cpp        : 373)   PROCEDURE == Simplification cycle, iteration 4
  0:00:01.812     6M / 41M   INFO   Simplification           (parallel_processing.hpp   : 167)   Running Tip clipper
  0:00:01.814     6M / 41M   INFO   Simplification           (parallel_processing.hpp   : 170)   Tip clipper triggered 0 times
  0:00:01.814     6M / 41M   INFO   Simplification           (parallel_processing.hpp   : 167)   Running Dead end clipper
  0:00:01.816     6M / 41M   INFO   Simplification           (parallel_processing.hpp   : 170)   Dead end clipper triggered 0 times
  0:00:01.816     6M / 41M   INFO   Simplification           (parallel_processing.hpp   : 167)   Running Bulge remover
  0:00:01.818     6M / 41M   INFO   Simplification           (parallel_processing.hpp   : 170)   Bulge remover triggered 0 times
  0:00:01.818     6M / 41M   INFO   Simplification           (parallel_processing.hpp   : 167)   Running Low coverage edge remover
  0:00:01.820     6M / 41M   INFO   ConditionParser          (graph_simplification.hpp  : 179)   Creating relative coverage EC condition with threshold 1
  0:00:01.820     6M / 41M   INFO   Simplification           (parallel_processing.hpp   : 170)   Low coverage edge remover triggered 0 times
  0:00:01.820     6M / 41M   INFO    General                 (simplification.cpp        : 373)   PROCEDURE == Simplification cycle, iteration 5
  0:00:01.820     6M / 41M   INFO   Simplification           (parallel_processing.hpp   : 167)   Running Tip clipper
  0:00:01.822     6M / 41M   INFO   Simplification           (parallel_processing.hpp   : 170)   Tip clipper triggered 0 times
  0:00:01.822     6M / 41M   INFO   Simplification           (parallel_processing.hpp   : 167)   Running Dead end clipper
  0:00:01.824     6M / 41M   INFO   Simplification           (parallel_processing.hpp   : 170)   Dead end clipper triggered 0 times
  0:00:01.824     6M / 41M   INFO   Simplification           (parallel_processing.hpp   : 167)   Running Bulge remover
  0:00:01.825     6M / 41M   INFO   Simplification           (parallel_processing.hpp   : 170)   Bulge remover triggered 0 times
  0:00:01.825     6M / 41M   INFO   Simplification           (parallel_processing.hpp   : 167)   Running Low coverage edge remover
  0:00:01.827     6M / 41M   INFO   ConditionParser          (graph_simplification.hpp  : 179)   Creating relative coverage EC condition with threshold 1
  0:00:01.827     6M / 41M   INFO   Simplification           (parallel_processing.hpp   : 170)   Low coverage edge remover triggered 0 times
  0:00:01.827     6M / 41M   INFO    General                 (simplification.cpp        : 373)   PROCEDURE == Simplification cycle, iteration 6
  0:00:01.827     6M / 41M   INFO   Simplification           (parallel_processing.hpp   : 167)   Running Tip clipper
  0:00:01.829     6M / 41M   INFO   Simplification           (parallel_processing.hpp   : 170)   Tip clipper triggered 0 times
  0:00:01.829     6M / 41M   INFO   Simplification           (parallel_processing.hpp   : 167)   Running Dead end clipper
  0:00:01.831     6M / 41M   INFO   Simplification           (parallel_processing.hpp   : 170)   Dead end clipper triggered 0 times
  0:00:01.832     6M / 41M   INFO   Simplification           (parallel_processing.hpp   : 167)   Running Bulge remover
  0:00:01.834     6M / 41M   INFO   Simplification           (parallel_processing.hpp   : 170)   Bulge remover triggered 0 times
  0:00:01.834     6M / 41M   INFO   Simplification           (parallel_processing.hpp   : 167)   Running Low coverage edge remover
  0:00:01.835     6M / 41M   INFO   ConditionParser          (graph_simplification.hpp  : 179)   Creating relative coverage EC condition with threshold 1
  0:00:01.835     6M / 41M   INFO   Simplification           (parallel_processing.hpp   : 170)   Low coverage edge remover triggered 0 times
  0:00:01.835     6M / 41M   INFO    General                 (simplification.cpp        : 373)   PROCEDURE == Simplification cycle, iteration 7
  0:00:01.835     6M / 41M   INFO   Simplification           (parallel_processing.hpp   : 167)   Running Tip clipper
  0:00:01.837     6M / 41M   INFO   Simplification           (parallel_processing.hpp   : 170)   Tip clipper triggered 0 times
  0:00:01.837     6M / 41M   INFO   Simplification           (parallel_processing.hpp   : 167)   Running Dead end clipper
  0:00:01.839     6M / 41M   INFO   Simplification           (parallel_processing.hpp   : 170)   Dead end clipper triggered 0 times
  0:00:01.839     6M / 41M   INFO   Simplification           (parallel_processing.hpp   : 167)   Running Bulge remover
  0:00:01.841     6M / 41M   INFO   Simplification           (parallel_processing.hpp   : 170)   Bulge remover triggered 0 times
  0:00:01.841     6M / 41M   INFO   Simplification           (parallel_processing.hpp   : 167)   Running Low coverage edge remover
  0:00:01.842     6M / 41M   INFO   ConditionParser          (graph_simplification.hpp  : 179)   Creating relative coverage EC condition with threshold 1
  0:00:01.842     6M / 41M   INFO   Simplification           (parallel_processing.hpp   : 170)   Low coverage edge remover triggered 0 times
  0:00:01.842     6M / 41M   INFO    General                 (simplification.cpp        : 373)   PROCEDURE == Simplification cycle, iteration 8
  0:00:01.842     6M / 41M   INFO   Simplification           (parallel_processing.hpp   : 167)   Running Tip clipper
  0:00:01.845     6M / 41M   INFO   Simplification           (parallel_processing.hpp   : 170)   Tip clipper triggered 0 times
  0:00:01.845     6M / 41M   INFO   Simplification           (parallel_processing.hpp   : 167)   Running Dead end clipper
  0:00:01.847     6M / 41M   INFO   Simplification           (parallel_processing.hpp   : 170)   Dead end clipper triggered 0 times
  0:00:01.847     6M / 41M   INFO   Simplification           (parallel_processing.hpp   : 167)   Running Bulge remover
  0:00:01.848     6M / 41M   INFO   Simplification           (parallel_processing.hpp   : 170)   Bulge remover triggered 0 times
  0:00:01.848     6M / 41M   INFO   Simplification           (parallel_processing.hpp   : 167)   Running Low coverage edge remover
  0:00:01.850     6M / 41M   INFO   ConditionParser          (graph_simplification.hpp  : 179)   Creating relative coverage EC condition with threshold 1
  0:00:01.850     6M / 41M   INFO   Simplification           (parallel_processing.hpp   : 170)   Low coverage edge remover triggered 0 times
  0:00:01.850     6M / 41M   INFO    General                 (simplification.cpp        : 373)   PROCEDURE == Simplification cycle, iteration 9
  0:00:01.850     6M / 41M   INFO   Simplification           (parallel_processing.hpp   : 167)   Running Tip clipper
  0:00:01.852     6M / 41M   INFO   Simplification           (parallel_processing.hpp   : 170)   Tip clipper triggered 0 times
  0:00:01.852     6M / 41M   INFO   Simplification           (parallel_processing.hpp   : 167)   Running Dead end clipper
  0:00:01.854     6M / 41M   INFO   Simplification           (parallel_processing.hpp   : 170)   Dead end clipper triggered 0 times
  0:00:01.854     6M / 41M   INFO   Simplification           (parallel_processing.hpp   : 167)   Running Bulge remover
  0:00:01.855     6M / 41M   INFO   Simplification           (parallel_processing.hpp   : 170)   Bulge remover triggered 0 times
  0:00:01.855     6M / 41M   INFO   Simplification           (parallel_processing.hpp   : 167)   Running Low coverage edge remover
  0:00:01.857     6M / 41M   INFO   ConditionParser          (graph_simplification.hpp  : 179)   Creating relative coverage EC condition with threshold 1
  0:00:01.857     6M / 41M   INFO   Simplification           (parallel_processing.hpp   : 170)   Low coverage edge remover triggered 0 times
  0:00:01.857     6M / 41M   INFO    General                 (simplification.cpp        : 373)   PROCEDURE == Simplification cycle, iteration 10
  0:00:01.857     6M / 41M   INFO   Simplification           (parallel_processing.hpp   : 167)   Running Tip clipper
  0:00:01.859     6M / 41M   INFO   Simplification           (parallel_processing.hpp   : 170)   Tip clipper triggered 0 times
  0:00:01.859     6M / 41M   INFO   Simplification           (parallel_processing.hpp   : 167)   Running Dead end clipper
  0:00:01.861     6M / 41M   INFO   Simplification           (parallel_processing.hpp   : 170)   Dead end clipper triggered 0 times
  0:00:01.861     6M / 41M   INFO   Simplification           (parallel_processing.hpp   : 167)   Running Bulge remover
  0:00:01.863     6M / 41M   INFO   Simplification           (parallel_processing.hpp   : 170)   Bulge remover triggered 0 times
  0:00:01.863     6M / 41M   INFO   Simplification           (parallel_processing.hpp   : 167)   Running Low coverage edge remover
  0:00:01.864     6M / 41M   INFO   ConditionParser          (graph_simplification.hpp  : 179)   Creating relative coverage EC condition with threshold 1
  0:00:01.864     6M / 41M   INFO   Simplification           (parallel_processing.hpp   : 170)   Low coverage edge remover triggered 0 times
  0:00:01.864     6M / 41M   INFO    General                 (simplification.cpp        : 373)   PROCEDURE == Simplification cycle, iteration 11
  0:00:01.864     6M / 41M   INFO   Simplification           (parallel_processing.hpp   : 167)   Running Tip clipper
  0:00:01.866     6M / 41M   INFO   Simplification           (parallel_processing.hpp   : 170)   Tip clipper triggered 0 times
  0:00:01.866     6M / 41M   INFO   Simplification           (parallel_processing.hpp   : 167)   Running Dead end clipper
  0:00:01.868     6M / 41M   INFO   Simplification           (parallel_processing.hpp   : 170)   Dead end clipper triggered 0 times
  0:00:01.868     6M / 41M   INFO   Simplification           (parallel_processing.hpp   : 167)   Running Bulge remover
  0:00:01.870     6M / 41M   INFO   Simplification           (parallel_processing.hpp   : 170)   Bulge remover triggered 0 times
  0:00:01.870     6M / 41M   INFO   Simplification           (parallel_processing.hpp   : 167)   Running Low coverage edge remover
  0:00:01.872     6M / 41M   INFO   ConditionParser          (graph_simplification.hpp  : 179)   Creating relative coverage EC condition with threshold 1
  0:00:01.872     6M / 41M   INFO   Simplification           (parallel_processing.hpp   : 170)   Low coverage edge remover triggered 0 times
  0:00:01.873     6M / 41M   INFO   StageManager             (stage.cpp                 : 185)   STAGE == Gap Closer (id: late_gapcloser)
  0:00:01.877    15M / 41M   INFO    General                 (edge_index.hpp            : 113)   Size of edge index entries: 12/8
  0:00:01.884    15M / 41M   INFO    General                 (gap_closer.cpp            : 101)   Total edges in tip neighborhood: 19494 out of 19500, length: 537450
  0:00:01.884    15M / 41M   INFO    General                 (edge_index.hpp            : 167)   Using small index (max_id = 54019)
  0:00:01.907    15M / 41M   INFO   K-mer Index Building     (kmer_index_builder.hpp    : 395)   Building perfect hash indices
  0:00:02.041    16M / 41M   INFO   K-mer Index Building     (kmer_index_builder.hpp    : 431)   Index built. Total 269441 kmers, 309130 bytes occupied (9.17841 bits per kmer).
  0:00:02.042    18M / 41M   INFO    General                 (edge_index_builders.hpp   : 265)   Collecting edge information from graph, this takes a while.
  0:00:02.151    18M / 41M   INFO    General                 (sequence_mapper_notifier.h:  95)   Total 10000 reads processed
  0:00:02.161    16M / 41M   INFO    General                 (gap_closer.cpp            : 452)   Initializing gap closer
  0:00:02.161    16M / 41M   INFO   GapCloser                (gap_closer.cpp            : 359)   Closing short gaps
  0:00:02.171    16M / 41M   INFO   GapCloser                (gap_closer.cpp            : 391)   Closing short gaps complete: filled 36 gaps after checking 191 candidates
  0:00:02.172    16M / 41M   INFO    General                 (gap_closer.cpp            : 456)   Gap closer done
  0:00:02.173     6M / 41M   INFO   StageManager             (stage.cpp                 : 185)   STAGE == Simplification Cleanup (id: simplification_cleanup)
  0:00:02.174     6M / 41M   INFO    General                 (simplification.cpp        : 176)   PROCEDURE == Post simplification
  0:00:02.174     6M / 41M   INFO    General                 (graph_simplification.hpp  : 448)   Disconnection of relatively low covered edges disabled
  0:00:02.174     6M / 41M   INFO    General                 (graph_simplification.hpp  : 485)   Complex tip clipping disabled
  0:00:02.174     6M / 41M   INFO    General                 (graph_simplification.hpp  : 634)   Creating parallel br instance
  0:00:02.174     6M / 41M   INFO    General                 (graph_simplification.hpp  : 634)   Creating parallel br instance
  0:00:02.174     6M / 41M   INFO   Simplification           (parallel_processing.hpp   : 167)   Running Relative coverage erroneous connection remover
  0:00:02.177     6M / 41M   INFO   Simplification           (parallel_processing.hpp   : 170)   Relative coverage erroneous connection remover triggered 0 times
  0:00:02.177     6M / 41M   INFO   Simplification           (parallel_processing.hpp   : 167)   Running Relative coverage component remover
  0:00:02.179     6M / 41M   INFO   Simplification           (parallel_processing.hpp   : 170)   Relative coverage component remover triggered 0 times
  0:00:02.179     6M / 41M   INFO   Simplification           (parallel_processing.hpp   : 167)   Running Complex bulge remover
  0:00:02.224     6M / 41M   INFO   Simplification           (parallel_processing.hpp   : 170)   Complex bulge remover triggered 0 times
  0:00:02.224     6M / 41M   INFO   Simplification           (parallel_processing.hpp   : 167)   Running Tip clipper
  0:00:02.228     6M / 41M   INFO   Simplification           (parallel_processing.hpp   : 170)   Tip clipper triggered 0 times
  0:00:02.228     6M / 41M   INFO   Simplification           (parallel_processing.hpp   : 167)   Running Final tip clipper
  0:00:02.230     6M / 41M   INFO   Simplification           (parallel_processing.hpp   : 170)   Final tip clipper triggered 11 times
  0:00:02.230     6M / 41M   INFO   Simplification           (parallel_processing.hpp   : 167)   Running Bulge remover
  0:00:02.231     6M / 41M   INFO   Simplification           (parallel_processing.hpp   : 170)   Bulge remover triggered 0 times
  0:00:02.231     6M / 41M   INFO   Simplification           (parallel_processing.hpp   : 167)   Running Final bulge remover
  0:00:02.233     6M / 41M   INFO   Simplification           (parallel_processing.hpp   : 170)   Final bulge remover triggered 0 times
  0:00:02.233     6M / 41M   INFO   Simplification           (parallel_processing.hpp   : 167)   Running AT Tips
  0:00:02.237     6M / 41M   INFO   Simplification           (parallel_processing.hpp   : 170)   AT Tips triggered 0 times
  0:00:02.237     6M / 41M   INFO   Simplification           (parallel_processing.hpp   : 167)   Running Relative coverage erroneous connection remover
  0:00:02.240     6M / 41M   INFO   Simplification           (parallel_processing.hpp   : 170)   Relative coverage erroneous connection remover triggered 0 times
  0:00:02.240     6M / 41M   INFO   Simplification           (parallel_processing.hpp   : 167)   Running Relative coverage component remover
  0:00:02.242     6M / 41M   INFO   Simplification           (parallel_processing.hpp   : 170)   Relative coverage component remover triggered 0 times
  0:00:02.242     6M / 41M   INFO   Simplification           (parallel_processing.hpp   : 167)   Running Complex bulge remover
  0:00:02.285     6M / 41M   INFO   Simplification           (parallel_processing.hpp   : 170)   Complex bulge remover triggered 0 times
  0:00:02.285     6M / 41M   INFO   Simplification           (parallel_processing.hpp   : 167)   Running Tip clipper
  0:00:02.288     6M / 41M   INFO   Simplification           (parallel_processing.hpp   : 170)   Tip clipper triggered 0 times
  0:00:02.288     6M / 41M   INFO   Simplification           (parallel_processing.hpp   : 167)   Running Final tip clipper
  0:00:02.290     6M / 41M   INFO   Simplification           (parallel_processing.hpp   : 170)   Final tip clipper triggered 0 times
  0:00:02.290     6M / 41M   INFO   Simplification           (parallel_processing.hpp   : 167)   Running Bulge remover
  0:00:02.292     6M / 41M   INFO   Simplification           (parallel_processing.hpp   : 170)   Bulge remover triggered 0 times
  0:00:02.292     6M / 41M   INFO   Simplification           (parallel_processing.hpp   : 167)   Running Final bulge remover
  0:00:02.293     6M / 41M   INFO   Simplification           (parallel_processing.hpp   : 170)   Final bulge remover triggered 0 times
  0:00:02.293     6M / 41M   INFO   Simplification           (parallel_processing.hpp   : 167)   Running AT Tips
  0:00:02.297     6M / 41M   INFO   Simplification           (parallel_processing.hpp   : 170)   AT Tips triggered 0 times
  0:00:02.297     6M / 41M   INFO    General                 (simplification.cpp        : 327)   Disrupting self-conjugate edges
  0:00:02.300     6M / 41M   INFO   Simplification           (parallel_processing.hpp   : 167)   Running Removing isolated edges
  0:00:02.313     5M / 41M   INFO   Simplification           (parallel_processing.hpp   : 170)   Removing isolated edges triggered 9436 times
  0:00:02.314     5M / 41M   INFO    General                 (simplification.cpp        : 495)   After simplification:
  0:00:02.314     5M / 41M   INFO    General                 (simplification.cpp        : 496)     Average coverage = 4.10831
  0:00:02.314     5M / 41M   INFO    General                 (simplification.cpp        : 497)     Total length = 33396
  0:00:02.314     5M / 41M   INFO    General                 (simplification.cpp        : 498)     Median edge length: 218
  0:00:02.314     5M / 41M   INFO    General                 (simplification.cpp        : 499)     Edges: 522
  0:00:02.314     5M / 41M   INFO    General                 (simplification.cpp        : 500)     Vertices: 1044
  0:00:02.314     5M / 41M   INFO   StageManager             (stage.cpp                 : 185)   STAGE == Mismatch Correction (id: mismatch_correction)
  0:00:02.314     5M / 41M   INFO    General                 (graph_pack.cpp            :  67)   Index refill
  0:00:02.314     5M / 41M   INFO    General                 (edge_index.hpp            : 156)   Using small index (max_id = 54019)
  0:00:02.317     5M / 41M   INFO   K-mer Index Building     (kmer_index_builder.hpp    : 395)   Building perfect hash indices
  0:00:02.406     5M / 41M   INFO   K-mer Index Building     (kmer_index_builder.hpp    : 431)   Index built. Total 33396 kmers, 61160 bytes occupied (14.6509 bits per kmer).
  0:00:02.406     6M / 41M   INFO    General                 (edge_index_builders.hpp   : 252)   Collecting edge information from graph, this takes a while.
  0:00:02.411     6M / 41M   INFO    General                 (graph_pack.cpp            :  77)   Normalizing k-mer map. Total 0 kmers to process
  0:00:02.411     6M / 41M   INFO    General                 (graph_pack.cpp            :  79)   Normalizing done
  0:00:02.411     6M / 41M   INFO    General                 (mismatch_correction.cpp   : 400)   Collect potential mismatches
  0:00:02.411     6M / 41M   INFO    General                 (mismatch_correction.cpp   : 192)   Total 0 edges (out of 522) with 0 potential mismatch positions (-nan positions per edge)
  0:00:02.411     6M / 41M   INFO    General                 (mismatch_correction.cpp   : 402)   Potential mismatches collected
  0:00:02.568     6M / 41M   INFO    General                 (sequence_mapper_notifier.h:  95)   Total 40000 reads processed
  0:00:02.568     6M / 41M   INFO    General                 (mismatch_correction.cpp   : 395)   All edges processed
  0:00:02.568     6M / 41M   INFO    General                 (mismatch_correction.cpp   : 450)   Corrected 0 nucleotides
  0:00:02.568     6M / 41M   INFO   StageManager             (stage.cpp                 : 185)   STAGE == Contig Output (id: contig_output)
  0:00:02.568     6M / 41M   INFO    General                 (contig_output.hpp         :  16)   Outputting contigs to /home/epirzada/COMP483/PipelineProject/Outputs/SPADES/SRR5660045/K127/before_rr.fasta
  0:00:02.570     6M / 41M   INFO    General                 (contig_output_stage.cpp   : 151)   Writing GFA graph to /home/epirzada/COMP483/PipelineProject/Outputs/SPADES/SRR5660045/K127/assembly_graph_after_simplification.gfa
  0:00:02.571     6M / 41M   INFO   StageManager             (stage.cpp                 : 185)   STAGE == Paired Information Counting (id: late_pair_info_count)
  0:00:02.572     6M / 41M   INFO    General                 (graph_pack.cpp            :  77)   Normalizing k-mer map. Total 0 kmers to process
  0:00:02.572     6M / 41M   INFO    General                 (graph_pack.cpp            :  79)   Normalizing done
  0:00:02.573     6M / 41M   INFO    General                 (pair_info_count.cpp       : 339)   Min edge length for estimation: 500
  0:00:02.573     6M / 41M   INFO    General                 (pair_info_count.cpp       : 350)   Estimating insert size for library #0
  0:00:02.573     6M / 41M   INFO    General                 (pair_info_count.cpp       : 202)   Estimating insert size (takes a while)
  0:00:02.598    38M / 71M   INFO    General                 (pair_info_count.cpp       :  48)   Selecting usual mapper
  0:00:02.706    38M / 71M   INFO    General                 (sequence_mapper_notifier.h:  95)   Total 10000 reads processed
  0:00:02.822    38M / 71M   INFO    General                 (pair_info_count.cpp       : 220)   Edge pairs: 318
  0:00:02.822    38M / 71M   INFO    General                 (pair_info_count.cpp       : 222)   371 paired reads (3.71% of all) aligned to long edges
  0:00:02.823     6M / 71M   INFO    General                 (pair_info_count.cpp       : 369)     Insert size = 208.259, deviation = 62.2982, left quantile = 144, right quantile = 295, read length = 151
  0:00:02.823     6M / 71M   INFO    General                 (pair_info_count.cpp       : 402)   Mapping library #0
  0:00:02.823     6M / 71M   INFO    General                 (pair_info_count.cpp       : 404)   Mapping paired reads (takes a while)
  0:00:02.823     6M / 71M   INFO    General                 (pair_info_count.cpp       : 299)   Left insert size quantile 144, right insert size quantile 295, filtering threshold 0, rounding threshold 0
  0:00:02.827    15M / 73M   INFO    General                 (pair_info_count.cpp       :  48)   Selecting usual mapper
  0:00:02.910    15M / 73M   INFO    General                 (sequence_mapper_notifier.h:  95)   Total 10000 reads processed
  0:00:02.914     6M / 73M   INFO    General                 (pair_info_count.cpp       : 411)   Mapping single reads of library #0
  0:00:02.914     6M / 73M   INFO    General                 (pair_info_count.cpp       : 266)   Will calculate lib coverage as well
  0:00:02.914     6M / 73M   INFO    General                 (pair_info_count.cpp       :  48)   Selecting usual mapper
  0:00:02.993     6M / 73M   INFO    General                 (sequence_mapper_notifier.h:  95)   Total 20000 reads processed
  0:00:02.994     6M / 73M   INFO    General                 (pair_info_count.cpp       : 413)   Total paths obtained from single reads: 0
  0:00:02.994     6M / 73M   INFO   StageManager             (stage.cpp                 : 185)   STAGE == Distance Estimation (id: distance_estimation)
  0:00:02.994     6M / 73M   INFO    General                 (distance_estimation.cpp   : 179)   Processing library #0
  0:00:02.994     6M / 73M   INFO    General                 (distance_estimation.cpp   : 150)   Weight Filter Done
  0:00:02.994     6M / 74M   INFO   DistanceEstimator        (distance_estimation.hpp   : 116)   Using SIMPLE distance estimator
  0:00:02.995     6M / 74M   INFO    General                 (distance_estimation.cpp   :  37)   Filtering info
  0:00:02.995     6M / 74M   INFO    General                 (pair_info_filters.hpp     : 242)   Start filtering; library index size: 522
  0:00:02.995     6M / 74M   INFO    General                 (pair_info_filters.hpp     : 263)   Done filtering; library index size: 264
  0:00:02.995     6M / 74M   INFO    General                 (distance_estimation.cpp   : 156)   Refining clustered pair information
  0:00:02.995     6M / 74M   INFO    General                 (distance_estimation.cpp   : 158)   The refining of clustered pair information has been finished
  0:00:02.995     6M / 74M   INFO    General                 (distance_estimation.cpp   : 160)   Improving paired information
  0:00:02.996     6M / 74M   INFO   PairInfoImprover         (pair_info_improver.hpp    : 104)   Paired info stats: missing = 0; contradictional = 0
  0:00:02.996     6M / 74M   INFO   PairInfoImprover         (pair_info_improver.hpp    : 104)   Paired info stats: missing = 0; contradictional = 0
  0:00:02.996     6M / 74M   INFO   StageManager             (stage.cpp                 : 185)   STAGE == Repeat Resolving (id: repeat_resolving)
  0:00:02.996     6M / 74M   INFO    General                 (repeat_resolving.cpp      :  87)   Using Path-Extend repeat resolving
  0:00:02.997     6M / 74M   INFO    General                 (launcher.cpp              : 600)   ExSPAnder repeat resolving tool started
  0:00:02.997     7M / 74M   INFO    General                 (launcher.cpp              : 418)   Creating main extenders, unique edge length = 2000
  0:00:02.997     7M / 74M   INFO    General                 (extenders_logic.cpp       : 345)   Creating extender; library index size: 264
  0:00:02.997     7M / 74M   INFO    General                 (extenders_logic.cpp       : 345)   Creating extender; library index size: 264
  0:00:02.997     7M / 74M   INFO    General                 (extenders_logic.cpp       : 543)   Using 1 paired-end library
  0:00:02.997     7M / 74M   INFO    General                 (extenders_logic.cpp       : 544)   Using 1 paired-end scaffolding library
  0:00:02.997     7M / 74M   INFO    General                 (extenders_logic.cpp       : 545)   Using 0 single read libraries
  0:00:02.997     7M / 74M   INFO    General                 (launcher.cpp              : 447)   Total number of extenders is 5
  0:00:02.997     7M / 74M   INFO    General                 (path_extenders.cpp        :  36)   Processed 0 paths from 261 (0%)
  0:00:03.001     7M / 74M   INFO    General                 (path_extenders.cpp        :  36)   Processed 27 paths from 261 (10%)
  0:00:03.002     7M / 74M   INFO    General                 (path_extenders.cpp        :  36)   Processed 54 paths from 261 (20%)
  0:00:03.003     7M / 75M   INFO    General                 (path_extenders.cpp        :  36)   Processed 81 paths from 261 (31%)
  0:00:03.004     7M / 75M   INFO    General                 (path_extenders.cpp        :  36)   Processed 108 paths from 261 (41%)
  0:00:03.004     7M / 75M   INFO    General                 (path_extenders.cpp        :  34)   Processed 128 paths from 261 (49%)
  0:00:03.004     7M / 75M   INFO    General                 (path_extenders.cpp        :  36)   Processed 135 paths from 261 (51%)
  0:00:03.005     8M / 75M   INFO    General                 (path_extenders.cpp        :  36)   Processed 162 paths from 261 (62%)
  0:00:03.005     8M / 75M   INFO    General                 (path_extenders.cpp        :  36)   Processed 189 paths from 261 (72%)
  0:00:03.006     8M / 75M   INFO    General                 (path_extenders.cpp        :  36)   Processed 216 paths from 261 (82%)
  0:00:03.006     8M / 75M   INFO    General                 (path_extenders.cpp        :  36)   Processed 243 paths from 261 (93%)
  0:00:03.006     8M / 75M   INFO    General                 (path_extenders.cpp        :  34)   Processed 256 paths from 261 (98%)
  0:00:03.006     8M / 75M   INFO    General                 (launcher.cpp              : 250)   Finalizing paths
  0:00:03.006     8M / 75M   INFO    General                 (launcher.cpp              : 252)   Deduplicating paths
  0:00:03.006     8M / 75M   INFO    General                 (launcher.cpp              : 256)   Paths deduplicated
  0:00:03.006     8M / 75M   INFO    General                 (launcher.cpp              : 263)   Overlaps will not be removed
  0:00:03.006     8M / 75M   INFO    General                 (launcher.cpp              : 273)   Paths finalized
  0:00:03.006     8M / 75M   INFO    General                 (launcher.cpp              : 454)   Closing gaps in paths
  0:00:03.008     9M / 76M   INFO    General                 (launcher.cpp              : 484)   Gap closing completed
  0:00:03.008     9M / 76M   INFO    General                 (launcher.cpp              : 302)   Traversing tandem repeats
  0:00:03.009     9M / 76M   INFO    General                 (launcher.cpp              : 312)   Traversed 0 loops
  0:00:03.009     9M / 76M   INFO    General                 (launcher.cpp              : 250)   Finalizing paths
  0:00:03.009     9M / 76M   INFO    General                 (launcher.cpp              : 252)   Deduplicating paths
  0:00:03.009     9M / 76M   INFO    General                 (launcher.cpp              : 256)   Paths deduplicated
  0:00:03.009     9M / 76M   INFO    General                 (launcher.cpp              : 263)   Overlaps will not be removed
  0:00:03.009     9M / 76M   INFO    General                 (launcher.cpp              : 273)   Paths finalized
  0:00:03.009     9M / 76M   INFO    General                 (launcher.cpp              : 499)   Finalizing paths - hard
  0:00:03.009    10M / 76M   INFO    General                 (launcher.cpp              : 295)   Read length relative cutoff 1.5 converted to 99
  0:00:03.009    10M / 76M   INFO    General                 (launcher.cpp              : 296)   Read length absolute cutoff 130 bp converted to 99
  0:00:03.009    10M / 76M   INFO    General                 (launcher.cpp              : 297)   Length cutoff: 99
  0:00:03.009     9M / 76M   INFO    General                 (launcher.cpp              : 295)   Read length relative cutoff 2 converted to 175
  0:00:03.009     9M / 76M   INFO    General                 (launcher.cpp              : 296)   Read length absolute cutoff 180 bp converted to 175
  0:00:03.009     9M / 76M   INFO    General                 (launcher.cpp              : 297)   Length cutoff: 175
  0:00:03.009     9M / 76M   INFO    General                 (launcher.cpp              : 295)   Read length relative cutoff 2 converted to 175
  0:00:03.009     9M / 76M   INFO    General                 (launcher.cpp              : 296)   Read length absolute cutoff 180 bp converted to 175
  0:00:03.009     9M / 76M   INFO    General                 (launcher.cpp              : 297)   Length cutoff: 175
  0:00:03.010     9M / 76M   INFO    General                 (launcher.cpp              : 499)   Finalizing paths - soft
  0:00:03.010    10M / 76M   INFO    General                 (launcher.cpp              : 295)   Read length relative cutoff 1.05 converted to 31
  0:00:03.010    10M / 76M   INFO    General                 (launcher.cpp              : 296)   Read length absolute cutoff 85 bp converted to 31
  0:00:03.010    10M / 76M   INFO    General                 (launcher.cpp              : 297)   Length cutoff: 31
  0:00:03.010     9M / 76M   INFO    General                 (launcher.cpp              : 295)   Read length relative cutoff 1.5 converted to 99
  0:00:03.010     9M / 76M   INFO    General                 (launcher.cpp              : 296)   Read length absolute cutoff 130 bp converted to 99
  0:00:03.010     9M / 76M   INFO    General                 (launcher.cpp              : 297)   Length cutoff: 99
  0:00:03.010     9M / 76M   INFO    General                 (launcher.cpp              : 295)   Read length relative cutoff 1.2 converted to 54
  0:00:03.010     9M / 76M   INFO    General                 (launcher.cpp              : 296)   Read length absolute cutoff 100 bp converted to 54
  0:00:03.010     9M / 76M   INFO    General                 (launcher.cpp              : 297)   Length cutoff: 54
  0:00:03.011     9M / 76M   INFO    General                 (launcher.cpp              : 507)   Finalizing main paths
  0:00:03.011     9M / 76M   INFO    General                 (launcher.cpp              : 295)   Read length relative cutoff 1.3 converted to 69
  0:00:03.011     9M / 76M   INFO    General                 (launcher.cpp              : 296)   Read length absolute cutoff 110 bp converted to 69
  0:00:03.011     9M / 76M   INFO    General                 (launcher.cpp              : 297)   Length cutoff: 69
  0:00:03.011     8M / 76M   INFO    General                 (launcher.cpp              : 295)   Read length relative cutoff 1.6 converted to 114
  0:00:03.011     8M / 76M   INFO    General                 (launcher.cpp              : 296)   Read length absolute cutoff 140 bp converted to 114
  0:00:03.012     8M / 76M   INFO    General                 (launcher.cpp              : 297)   Length cutoff: 114
  0:00:03.012     8M / 76M   INFO    General                 (launcher.cpp              : 295)   Read length relative cutoff 1.5 converted to 99
  0:00:03.012     8M / 76M   INFO    General                 (launcher.cpp              : 296)   Read length absolute cutoff 130 bp converted to 99
  0:00:03.012     8M / 76M   INFO    General                 (launcher.cpp              : 297)   Length cutoff: 99
  0:00:03.012     8M / 76M   INFO    General                 (launcher.cpp              : 664)   ExSPAnder repeat resolving tool finished
  0:00:03.012     6M / 76M   INFO   StageManager             (stage.cpp                 : 185)   STAGE == Contig Output (id: contig_output)
  0:00:03.012     6M / 76M   INFO    General                 (contig_output.hpp         :  16)   Outputting contigs to /home/epirzada/COMP483/PipelineProject/Outputs/SPADES/SRR5660045/K127/before_rr.fasta
  0:00:03.014     6M / 76M   INFO    General                 (contig_output_stage.cpp   : 151)   Writing GFA graph to /home/epirzada/COMP483/PipelineProject/Outputs/SPADES/SRR5660045/K127/assembly_graph_with_scaffolds.gfa
  0:00:03.015     6M / 76M   INFO    General                 (contig_output_stage.cpp   : 165)   Outputting FastG graph to /home/epirzada/COMP483/PipelineProject/Outputs/SPADES/SRR5660045/K127/assembly_graph.fastg
  0:00:03.018     6M / 76M   INFO    General                 (contig_output_stage.cpp   :  98)   Outputting contigs to /home/epirzada/COMP483/PipelineProject/Outputs/SPADES/SRR5660045/K127/transcripts.fasta
  0:00:03.018     6M / 76M   INFO    General                 (contig_output_stage.cpp   : 104)   Outputting FastG paths to /home/epirzada/COMP483/PipelineProject/Outputs/SPADES/SRR5660045/K127/transcripts.paths
  0:00:03.018     6M / 76M   INFO    General                 (contig_output_stage.cpp   : 111)   Populating GFA with scaffold paths
  0:00:03.019     6M / 76M   INFO    General                 (pipeline.cpp              : 287)   SPAdes finished
  0:00:03.019     1M / 76M   INFO    General                 (main.cpp                  : 136)   Assembling time: 0 hours 0 minutes 3 seconds

===== K127 finished. 


===== Copy files started. 


== Running: /usr/bin/python3 /usr/share/spades/spades_pipeline/scripts/copy_files.py /home/epirzada/COMP483/PipelineProject/Outputs/SPADES/SRR5660045/K127/before_rr.fasta /home/epirzada/COMP483/PipelineProject/Outputs/SPADES/SRR5660045/before_rr.fasta /home/epirzada/COMP483/PipelineProject/Outputs/SPADES/SRR5660045/K127/assembly_graph_after_simplification.gfa /home/epirzada/COMP483/PipelineProject/Outputs/SPADES/SRR5660045/assembly_graph_after_simplification.gfa /home/epirzada/COMP483/PipelineProject/Outputs/SPADES/SRR5660045/K127/transcripts.fasta /home/epirzada/COMP483/PipelineProject/Outputs/SPADES/SRR5660045/transcripts.fasta /home/epirzada/COMP483/PipelineProject/Outputs/SPADES/SRR5660045/K127/transcripts.paths /home/epirzada/COMP483/PipelineProject/Outputs/SPADES/SRR5660045/transcripts.paths /home/epirzada/COMP483/PipelineProject/Outputs/SPADES/SRR5660045/K127/assembly_graph_with_scaffolds.gfa /home/epirzada/COMP483/PipelineProject/Outputs/SPADES/SRR5660045/assembly_graph_with_scaffolds.gfa /home/epirzada/COMP483/PipelineProject/Outputs/SPADES/SRR5660045/K127/assembly_graph.fastg /home/epirzada/COMP483/PipelineProject/Outputs/SPADES/SRR5660045/assembly_graph.fastg /home/epirzada/COMP483/PipelineProject/Outputs/SPADES/SRR5660045/K127/hard_filtered_final_paths.fasta /home/epirzada/COMP483/PipelineProject/Outputs/SPADES/SRR5660045/hard_filtered_transcripts.fasta /home/epirzada/COMP483/PipelineProject/Outputs/SPADES/SRR5660045/K127/soft_filtered_final_paths.fasta /home/epirzada/COMP483/PipelineProject/Outputs/SPADES/SRR5660045/soft_filtered_transcripts.fasta


===== Copy files finished. 


===== Assembling finished. 


===== Breaking scaffolds started. 


== Running: /usr/bin/python3 /usr/share/spades/spades_pipeline/scripts/breaking_scaffolds_script.py --result_scaffolds_filename /home/epirzada/COMP483/PipelineProject/Outputs/SPADES/SRR5660045/scaffolds.fasta --misc_dir /home/epirzada/COMP483/PipelineProject/Outputs/SPADES/SRR5660045/misc --threshold_for_breaking_scaffolds 3


===== Breaking scaffolds finished. 


===== Terminate started. 


===== Terminate finished. 

 * Assembled transcripts are in /home/epirzada/COMP483/PipelineProject/Outputs/SPADES/SRR5660045/transcripts.fasta
 * Paths in the assembly graph corresponding to the transcripts are in /home/epirzada/COMP483/PipelineProject/Outputs/SPADES/SRR5660045/transcripts.paths
 * Hard filtered transcripts are in /home/epirzada/COMP483/PipelineProject/Outputs/SPADES/SRR5660045/hard_filtered_transcripts.fasta
 * Soft filtered transcripts are in /home/epirzada/COMP483/PipelineProject/Outputs/SPADES/SRR5660045/soft_filtered_transcripts.fasta
 * Assembly graph is in /home/epirzada/COMP483/PipelineProject/Outputs/SPADES/SRR5660045/assembly_graph.fastg
 * Assembly graph in GFA format is in /home/epirzada/COMP483/PipelineProject/Outputs/SPADES/SRR5660045/assembly_graph_with_scaffolds.gfa

======= SPAdes pipeline finished.

SPAdes log can be found here: /home/epirzada/COMP483/PipelineProject/Outputs/SPADES/SRR5660045/spades.log

Thank you for using SPAdes!
